<?xml version="1.0" encoding="UTF-8"?>
<!-- Generated by org.testng.reporters.JUnitXMLReporter -->
<testsuite hostname="v2cloud-pc" ignored="0" name="ChangePasswordPage" tests="10" failures="9" timestamp="17 Apr 2017 06:12:47 GMT" time="83.499" errors="0">
  <testcase name="Login" time="5.09" classname="testCases.Validate_ChangePasswordPage"/>
  <testcase name="NavigateToChangePasswordPage" time="2.588" classname="testCases.Validate_ChangePasswordPage">
    <failure type="java.lang.AssertionError" message="expected [Change Password] but found [Modifier le mot de passe]">
      <![CDATA[java.lang.AssertionError: expected [Change Password] but found [Modifier le mot de passe]
	at appModules.Navigation_Action.Navigate_To_AccountPasswordPage(Navigation_Action.java:49)
	at testCases.Validate_ChangePasswordPage.NavigateToChangePasswordPage(Validate_ChangePasswordPage.java:42)
... Removed 31 stack frames]]>
    </failure>
  </testcase> <!-- NavigateToChangePasswordPage -->
  <testcase name="Test_RequiredFields_Validation" time="0.815" classname="testCases.Validate_ChangePasswordPage">
    <failure type="java.lang.AssertionError" message="expected [This field is required.] but found [Ce champ est requis.]">
      <![CDATA[java.lang.AssertionError: expected [This field is required.] but found [Ce champ est requis.]
	at testCases.Validate_ChangePasswordPage.Test_RequiredFields_Validation(Validate_ChangePasswordPage.java:49)
... Removed 31 stack frames]]>
    </failure>
  </testcase> <!-- Test_RequiredFields_Validation -->
  <testcase name="Test_MinChars_Validation" time="0.665" classname="testCases.Validate_ChangePasswordPage">
    <failure type="java.lang.AssertionError" message="expected [You should enter 6-25 characters.] but found [Vous devez saisir 6-25 caractères.]">
      <![CDATA[java.lang.AssertionError: expected [You should enter 6-25 characters.] but found [Vous devez saisir 6-25 caractères.]
	at testCases.Validate_ChangePasswordPage.Test_MinChars_Validation(Validate_ChangePasswordPage.java:57)
... Removed 31 stack frames]]>
    </failure>
  </testcase> <!-- Test_MinChars_Validation -->
  <testcase name="Test_HintMessage_Validation" time="0.118" classname="testCases.Validate_ChangePasswordPage">
    <failure type="java.lang.AssertionError" message="expected [Minimum of six lower and uppercase letters with numbers] but found [Minimum de six lettres minuscules et majuscules avec des chiffres]">
      <![CDATA[java.lang.AssertionError: expected [Minimum of six lower and uppercase letters with numbers] but found [Minimum de six lettres minuscules et majuscules avec des chiffres]
	at testCases.Validate_ChangePasswordPage.Test_HintMessage_Validation(Validate_ChangePasswordPage.java:63)
... Removed 31 stack frames]]>
    </failure>
  </testcase> <!-- Test_HintMessage_Validation -->
  <testcase name="Test_WeakPassword_Validation" time="0.734" classname="testCases.Validate_ChangePasswordPage">
    <failure type="java.lang.AssertionError" message="expected [Password should have lower and uppercase letters with numbers.] but found [Le mot de passe doit se composer de majuscules, de minuscules et de chiffres.]">
      <![CDATA[java.lang.AssertionError: expected [Password should have lower and uppercase letters with numbers.] but found [Le mot de passe doit se composer de majuscules, de minuscules et de chiffres.]
	at testCases.Validate_ChangePasswordPage.Test_WeakPassword_Validation(Validate_ChangePasswordPage.java:69)
... Removed 31 stack frames]]>
    </failure>
  </testcase> <!-- Test_WeakPassword_Validation -->
  <testcase name="Test_DiffPasswords_Validation" time="0.566" classname="testCases.Validate_ChangePasswordPage">
    <failure type="java.lang.AssertionError" message="expected [The two passwords that you entered do not match.] but found [Les deux mots de passe que vous avez entrés ne correspondent pas.]">
      <![CDATA[java.lang.AssertionError: expected [The two passwords that you entered do not match.] but found [Les deux mots de passe que vous avez entrés ne correspondent pas.]
	at testCases.Validate_ChangePasswordPage.Test_DiffPasswords_Validation(Validate_ChangePasswordPage.java:80)
... Removed 31 stack frames]]>
    </failure>
  </testcase> <!-- Test_DiffPasswords_Validation -->
  <testcase name="Test_IncorrectOldPassword_Validation" time="1.083" classname="testCases.Validate_ChangePasswordPage">
    <failure type="java.lang.AssertionError" message="expected [Old password is wrong.] but found [L&amp;apos;ancien mot de passe est erroné.]">
      <![CDATA[java.lang.AssertionError: expected [Old password is wrong.] but found [L'ancien mot de passe est erroné.]
	at testCases.Validate_ChangePasswordPage.Test_IncorrectOldPassword_Validation(Validate_ChangePasswordPage.java:86)
... Removed 31 stack frames]]>
    </failure>
  </testcase> <!-- Test_IncorrectOldPassword_Validation -->
  <testcase name="Test_ChangeCurrentPassword" time="1.163" classname="testCases.Validate_ChangePasswordPage">
    <failure type="java.lang.AssertionError" message="expected [Your password has been changed. Please log in again.] but found [Votre mot de passe a été modifié. Veuillez vous reconnecter.]">
      <![CDATA[java.lang.AssertionError: expected [Your password has been changed. Please log in again.] but found [Votre mot de passe a été modifié. Veuillez vous reconnecter.]
	at testCases.Validate_ChangePasswordPage.Test_ChangeCurrentPassword(Validate_ChangePasswordPage.java:93)
... Removed 31 stack frames]]>
    </failure>
  </testcase> <!-- Test_ChangeCurrentPassword -->
  <testcase name="Test_ChangeToOriginalPassword" time="67.453" classname="testCases.Validate_ChangePasswordPage">
    <failure type="org.openqa.selenium.TimeoutException" message="Expected condition failed: waiting for element to be clickable: By.id: btn_login (tried for 60 second(s) with 500 MILLISECONDS interval)">
      <![CDATA[org.openqa.selenium.TimeoutException: Expected condition failed: waiting for element to be clickable: By.id: btn_login (tried for 60 second(s) with 500 MILLISECONDS interval)
	at org.openqa.selenium.support.ui.WebDriverWait.timeoutException(WebDriverWait.java:80)
	at org.openqa.selenium.support.ui.FluentWait.until(FluentWait.java:257)
	at pageObjects.Home_Page.btn_Login(Home_Page.java:16)
	at appModules.Navigation_Action.Navigate_To_LoginPage(Navigation_Action.java:24)
	at testCases.Validate_ChangePasswordPage.Test_ChangeToOriginalPassword(Validate_ChangePasswordPage.java:100)
Caused by: org.openqa.selenium.NoSuchElementException: Cannot locate an element using By.id: btn_login
For documentation on this error, please visit: http://seleniumhq.org/exceptions/no_such_element.html
Build info: version: '3.1.0', revision: 'b94c902', time: '2017-02-16 12:21:31 -0800'
System info: host: 'V2CLOUD-PC', ip: '169.254.109.9', os.name: 'Windows 8.1', os.arch: 'amd64', os.version: '6.3', java.version: '1.8.0_121'
Driver info: driver.version: unknown
	at org.openqa.selenium.support.ui.ExpectedConditions.lambda$findElement$0(ExpectedConditions.java:896)
	at java.util.Optional.orElseThrow(Unknown Source)
	at org.openqa.selenium.support.ui.ExpectedConditions.findElement(ExpectedConditions.java:895)
	at org.openqa.selenium.support.ui.ExpectedConditions.access$000(ExpectedConditions.java:41)
	at org.openqa.selenium.support.ui.ExpectedConditions$7.apply(ExpectedConditions.java:205)
	at org.openqa.selenium.support.ui.ExpectedConditions$7.apply(ExpectedConditions.java:201)
	at org.openqa.selenium.support.ui.ExpectedConditions$22.apply(ExpectedConditions.java:651)
	at org.openqa.selenium.support.ui.ExpectedConditions$22.apply(ExpectedConditions.java:644)
	at org.openqa.selenium.support.ui.FluentWait.until(FluentWait.java:234)
	... 28 more
... Removed 25 stack frames]]>
    </failure>
  </testcase> <!-- Test_ChangeToOriginalPassword -->
</testsuite> <!-- ChangePasswordPage -->
