<?xml version="1.0" encoding="UTF-8"?>
<!-- Generated by org.testng.reporters.JUnitXMLReporter -->
<testsuite hostname="v2cloud-pc" ignored="0" name="CheckPersonalDetailsPage" tests="13" failures="7" timestamp="17 Apr 2017 06:10:59 GMT" time="17.765" errors="0">
  <testcase name="Login" time="5.754" classname="testCases.Validate_PersonalDetailsPage"/>
  <testcase name="NavigateToPersonalDetailsPage" time="1.284" classname="testCases.Validate_PersonalDetailsPage"/>
  <testcase name="Test_TaxResidence_EmptyField" time="1.272" classname="testCases.Validate_PersonalDetailsPage"/>
  <testcase name="Test_TaxId_EmptyField" time="0.331" classname="testCases.Validate_PersonalDetailsPage"/>
  <testcase name="Test_AddressLine1_InvalidChars" time="0.42" classname="testCases.Validate_PersonalDetailsPage">
    <failure type="java.lang.AssertionError" message="expected [Only letters, numbers, space, hyphen, period, and apostrophe are allowed.] but found [Seuls les lettres, chiffres, espace, trait d&amp;apos;union et apostrophe sont permis.]">
      <![CDATA[java.lang.AssertionError: expected [Only letters, numbers, space, hyphen, period, and apostrophe are allowed.] but found [Seuls les lettres, chiffres, espace, trait d'union et apostrophe sont permis.]
	at testCases.Validate_PersonalDetailsPage.Test_AddressLine1_InvalidChars(Validate_PersonalDetailsPage.java:67)
... Removed 31 stack frames]]>
    </failure>
  </testcase> <!-- Test_AddressLine1_InvalidChars -->
  <testcase name="Test_AddressLine1_EmptyField" time="0.215" classname="testCases.Validate_PersonalDetailsPage">
    <failure type="java.lang.AssertionError" message="expected [This field is required.] but found [Ce champ est requis.]">
      <![CDATA[java.lang.AssertionError: expected [This field is required.] but found [Ce champ est requis.]
	at testCases.Validate_PersonalDetailsPage.Test_AddressLine1_EmptyField(Validate_PersonalDetailsPage.java:78)
... Removed 31 stack frames]]>
    </failure>
  </testcase> <!-- Test_AddressLine1_EmptyField -->
  <testcase name="Test_AddressCity_InvalidChars" time="0.403" classname="testCases.Validate_PersonalDetailsPage">
    <failure type="java.lang.AssertionError" message="expected [Only letters, space, hyphen, period, and apostrophe are allowed.] but found [Les lettres, les espaces, les traits d&amp;apos;union, la virgule et le point sont les seuls caractères autorisés.]">
      <![CDATA[java.lang.AssertionError: expected [Only letters, space, hyphen, period, and apostrophe are allowed.] but found [Les lettres, les espaces, les traits d'union, la virgule et le point sont les seuls caractères autorisés.]
	at testCases.Validate_PersonalDetailsPage.Test_AddressCity_InvalidChars(Validate_PersonalDetailsPage.java:89)
... Removed 31 stack frames]]>
    </failure>
  </testcase> <!-- Test_AddressCity_InvalidChars -->
  <testcase name="Test_AddressCity_EmptyField" time="0.164" classname="testCases.Validate_PersonalDetailsPage">
    <failure type="java.lang.AssertionError" message="expected [This field is required.] but found [Ce champ est requis.]">
      <![CDATA[java.lang.AssertionError: expected [This field is required.] but found [Ce champ est requis.]
	at testCases.Validate_PersonalDetailsPage.Test_AddressCity_EmptyField(Validate_PersonalDetailsPage.java:100)
... Removed 31 stack frames]]>
    </failure>
  </testcase> <!-- Test_AddressCity_EmptyField -->
  <testcase name="Test_ZipCode_InvalidChars" time="0.344" classname="testCases.Validate_PersonalDetailsPage"/>
  <testcase name="Test_Telephone_InvalidChars" time="0.315" classname="testCases.Validate_PersonalDetailsPage">
    <failure type="java.lang.AssertionError" message="expected [Only numbers and spaces are allowed.] but found [Les chiffres et les espaces sont les seuls caractères autorisés.]">
      <![CDATA[java.lang.AssertionError: expected [Only numbers and spaces are allowed.] but found [Les chiffres et les espaces sont les seuls caractères autorisés.]
	at testCases.Validate_PersonalDetailsPage.Test_Telephone_InvalidChars(Validate_PersonalDetailsPage.java:122)
... Removed 31 stack frames]]>
    </failure>
  </testcase> <!-- Test_Telephone_InvalidChars -->
  <testcase name="Test_Telephone_EmptyField" time="0.163" classname="testCases.Validate_PersonalDetailsPage">
    <failure type="java.lang.AssertionError" message="expected [This field is required.] but found [Ce champ est requis.]">
      <![CDATA[java.lang.AssertionError: expected [This field is required.] but found [Ce champ est requis.]
	at testCases.Validate_PersonalDetailsPage.Test_Telephone_EmptyField(Validate_PersonalDetailsPage.java:133)
... Removed 31 stack frames]]>
    </failure>
  </testcase> <!-- Test_Telephone_EmptyField -->
  <testcase name="Test_Telephone_LessChars" time="0.207" classname="testCases.Validate_PersonalDetailsPage">
    <failure type="java.lang.AssertionError" message="expected [You should enter 6-35 characters.] but found [Vous devez saisir 6-35 caractères.]">
      <![CDATA[java.lang.AssertionError: expected [You should enter 6-35 characters.] but found [Vous devez saisir 6-35 caractères.]
	at testCases.Validate_PersonalDetailsPage.Test_Telephone_LessChars(Validate_PersonalDetailsPage.java:144)
... Removed 31 stack frames]]>
    </failure>
  </testcase> <!-- Test_Telephone_LessChars -->
  <testcase name="SetPersonalDetailsFields" time="1.799" classname="testCases.Validate_PersonalDetailsPage"/>
</testsuite> <!-- CheckPersonalDetailsPage -->
