<?xml version="1.0" encoding="UTF-8"?>
<!-- Generated by org.testng.reporters.JUnitXMLReporter -->
<testsuite hostname="v2cloud-pc" ignored="0" name="SetFinancialAssessment" tests="4" failures="1" timestamp="17 Apr 2017 07:29:00 GMT" time="17.746" errors="0">
  <testcase name="A_Login" time="5.641" classname="testCases.Validate_SetFinancialAssessment"/>
  <testcase name="B_NavigateToFinancialAssessmentPage" time="2.825" classname="testCases.Validate_SetFinancialAssessment">
    <failure type="java.lang.AssertionError" message="expected [Financial Assessment] but found [Évaluation financière]">
      <![CDATA[java.lang.AssertionError: expected [Financial Assessment] but found [Évaluation financière]
	at appModules.Navigation_Action.Navigate_To_FinancialAssessmentPage(Navigation_Action.java:43)
	at testCases.Validate_SetFinancialAssessment.B_NavigateToFinancialAssessmentPage(Validate_SetFinancialAssessment.java:31)
... Removed 31 stack frames]]>
    </failure>
  </testcase> <!-- B_NavigateToFinancialAssessmentPage -->
  <testcase name="C_Set_FinancialAssessment" time="2.815" classname="testCases.Validate_SetFinancialAssessment"/>
  <testcase name="D_Logout" time="1.473" classname="testCases.Validate_SetFinancialAssessment"/>
</testsuite> <!-- SetFinancialAssessment -->
