<!DOCTYPE html PUBLIC "-//W3C//DTD XHTML 1.1//EN" "http://www.w3.org/TR/xhtml11/DTD/xhtml11.dtd">
<html xmlns="http://www.w3.org/1999/xhtml"><head><title>TestNG Report</title><style type="text/css">table {margin-bottom:10px;border-collapse:collapse;empty-cells:show}th,td {border:1px solid #009;padding:.25em .5em}th {vertical-align:bottom}td {vertical-align:top}table a {font-weight:bold}.stripe td {background-color: #E6EBF9}.num {text-align:right}.passedodd td {background-color: #3F3}.passedeven td {background-color: #0A0}.skippedodd td {background-color: #DDD}.skippedeven td {background-color: #CCC}.failedodd td,.attn {background-color: #F33}.failedeven td,.stripe .attn {background-color: #D00}.stacktrace {white-space:pre;font-family:monospace}.totop {font-size:85%;text-align:center;border-bottom:2px solid #000}</style></head><body><table><tr><th>Test</th><th># Passed</th><th># Skipped</th><th># Failed</th><th>Time (ms)</th><th>Included Groups</th><th>Excluded Groups</th></tr><tr><th colspan="7">Suite</th></tr><tr><td><a href="#t0">CheckLoginPage</a></td><td class="num">0</td><td class="num">0</td><td class="num attn">3</td><td class="num">59,290</td><td></td><td></td></tr><tr class="stripe"><td><a href="#t1">CheckLoginHistoryPage</a></td><td class="num">7</td><td class="num">0</td><td class="num">0</td><td class="num">64,571</td><td></td><td></td></tr><tr><td><a href="#t2">SetFinancialAssessment</a></td><td class="num">4</td><td class="num">0</td><td class="num">0</td><td class="num">78,166</td><td></td><td></td></tr><tr class="stripe"><td><a href="#t3">FinancialAssessmentFields</a></td><td class="num">20</td><td class="num">0</td><td class="num">0</td><td class="num">782,917</td><td></td><td></td></tr><tr><td><a href="#t4">CheckPersonalDetailsPage</a></td><td class="num">13</td><td class="num">0</td><td class="num">0</td><td class="num">124,389</td><td></td><td></td></tr><tr class="stripe"><td><a href="#t5">ChangePasswordPage</a></td><td class="num">8</td><td class="num">0</td><td class="num">0</td><td class="num">97,855</td><td></td><td></td></tr><tr><td><a href="#t6">CashierPassword</a></td><td class="num">9</td><td class="num">0</td><td class="num">0</td><td class="num">100,124</td><td></td><td></td></tr><tr class="stripe"><td><a href="#t7">CheckLimits</a></td><td class="num">2</td><td class="num attn">4</td><td class="num attn">3</td><td class="num">125,866</td><td></td><td></td></tr><tr><td><a href="#t8">CheckLinks</a></td><td class="num">1</td><td class="num">0</td><td class="num">0</td><td class="num">9,809</td><td></td><td></td></tr><tr class="stripe"><td><a href="#t9">ValidateSelfExclusionInput</a></td><td class="num">1</td><td class="num">0</td><td class="num attn">4</td><td class="num">100,460</td><td></td><td></td></tr><tr><td><a href="#t10">CheckAuthorisedApplication</a></td><td class="num">4</td><td class="num">0</td><td class="num attn">4</td><td class="num">152,537</td><td></td><td></td></tr><tr class="stripe"><td><a href="#t11">checkTokenAPI</a></td><td class="num">9</td><td class="num">0</td><td class="num">0</td><td class="num">71,520</td><td></td><td></td></tr><tr><td><a href="#t12">ValidateLostPassword</a></td><td class="num">1</td><td class="num">0</td><td class="num attn">10</td><td class="num">315,193</td><td></td><td></td></tr><tr class="stripe"><td><a href="#t13">checkResourcePage</a></td><td class="num">7</td><td class="num">0</td><td class="num attn">1</td><td class="num">60,137</td><td></td><td></td></tr><tr><th>Total</th><th class="num">86</th><th class="num attn">4</th><th class="num attn">25</th><th class="num">2,142,834</th><th colspan="2"></th></tr></table><table><thead><tr><th>Class</th><th>Method</th><th>Start</th><th>Time (ms)</th></tr></thead><tbody><tr><th colspan="4">Suite</th></tr></tbody><tbody id="t0"><tr><th colspan="4">CheckLoginPage &#8212; failed</th></tr><tr class="failedeven"><td rowspan="3">testCases.Validate_LoginPage</td><td><a href="#m0">A_Login</a></td><td rowspan="1">1500539617600</td><td rowspan="1">3263</td></tr><tr class="failedeven"><td><a href="#m1">B_Logout</a></td><td rowspan="1">1500539620869</td><td rowspan="1">30672</td></tr><tr class="failedeven"><td><a href="#m2">C_Login_IncorrectPassword</a></td><td rowspan="1">1500539651547</td><td rowspan="1">1384</td></tr></tbody><tbody id="t1"><tr><th colspan="4">CheckLoginHistoryPage &#8212; passed</th></tr><tr class="passedeven"><td rowspan="7">testCases.Validate_LoginHistoryPage</td><td><a href="#m3">A_Login_IncorrectPassword</a></td><td rowspan="1">1500539694482</td><td rowspan="1">10124</td></tr><tr class="passedeven"><td><a href="#m4">CheckTotalRows</a></td><td rowspan="1">1500539729052</td><td rowspan="1">1662</td></tr><tr class="passedeven"><td><a href="#m5">Check_NewEntries</a></td><td rowspan="1">1500539723341</td><td rowspan="1">5710</td></tr><tr class="passedeven"><td><a href="#m6">Login</a></td><td rowspan="1">1500539704608</td><td rowspan="1">10709</td></tr><tr class="passedeven"><td><a href="#m7">NavigateToLoginHistoryPage</a></td><td rowspan="1">1500539715319</td><td rowspan="1">8021</td></tr><tr class="passedeven"><td><a href="#m8">logout</a></td><td rowspan="1">1500539687569</td><td rowspan="1">6911</td></tr><tr class="passedeven"><td><a href="#m9">reset_Login</a></td><td rowspan="1">1500539675600</td><td rowspan="1">11967</td></tr></tbody><tbody id="t2"><tr><th colspan="4">SetFinancialAssessment &#8212; passed</th></tr><tr class="passedeven"><td rowspan="4">testCases.Validate_SetFinancialAssessment</td><td><a href="#m10">A_Login</a></td><td rowspan="1">1500539738854</td><td rowspan="1">10526</td></tr><tr class="passedeven"><td><a href="#m11">B_NavigateToFinancialAssessmentPage</a></td><td rowspan="1">1500539749381</td><td rowspan="1">6628</td></tr><tr class="passedeven"><td><a href="#m12">C_Set_FinancialAssessment</a></td><td rowspan="1">1500539756010</td><td rowspan="1">46976</td></tr><tr class="passedeven"><td><a href="#m13">D_Logout</a></td><td rowspan="1">1500539802987</td><td rowspan="1">6371</td></tr></tbody><tbody id="t3"><tr><th colspan="4">FinancialAssessmentFields &#8212; passed</th></tr><tr class="passedeven"><td rowspan="20">testCases.Validate_FinancialAssessmentFields</td><td><a href="#m14">Login</a></td><td rowspan="1">1500539816585</td><td rowspan="1">12091</td></tr><tr class="passedeven"><td><a href="#m15">NavigateToFinancialAssessmentPage</a></td><td rowspan="1">1500539828678</td><td rowspan="1">5004</td></tr><tr class="passedeven"><td><a href="#m16">Test_AnnualIncome</a></td><td rowspan="1">1500540456424</td><td rowspan="1">42091</td></tr><tr class="passedeven"><td><a href="#m17">Test_AnticipatedAccountTurnover</a></td><td rowspan="1">1500540541151</td><td rowspan="1">41995</td></tr><tr class="passedeven"><td><a href="#m18">Test_CommoditiesTradingExperience</a></td><td rowspan="1">1500540000321</td><td rowspan="1">41499</td></tr><tr class="passedeven"><td><a href="#m19">Test_CommoditiesTradingFrequency</a></td><td rowspan="1">1500540041821</td><td rowspan="1">41902</td></tr><tr class="passedeven"><td><a href="#m20">Test_Education</a></td><td rowspan="1">1500540416085</td><td rowspan="1">40337</td></tr><tr class="passedeven"><td><a href="#m21">Test_ForexTradingExperience</a></td><td rowspan="1">1500539833684</td><td rowspan="1">42498</td></tr><tr class="passedeven"><td><a href="#m22">Test_ForexTradingFrequency</a></td><td rowspan="1">1500539876183</td><td rowspan="1">42348</td></tr><tr class="passedeven"><td><a href="#m23">Test_IndicesTradingExperience</a></td><td rowspan="1">1500539918534</td><td rowspan="1">40795</td></tr><tr class="passedeven"><td><a href="#m24">Test_IndicesTradingFrequency</a></td><td rowspan="1">1500539959330</td><td rowspan="1">40990</td></tr><tr class="passedeven"><td><a href="#m25">Test_IndustryEmployment</a></td><td rowspan="1">1500540333670</td><td rowspan="1">40629</td></tr><tr class="passedeven"><td><a href="#m26">Test_NetWorth</a></td><td rowspan="1">1500540498518</td><td rowspan="1">42632</td></tr><tr class="passedeven"><td><a href="#m27">Test_Occupation</a></td><td rowspan="1">1500540374300</td><td rowspan="1">41783</td></tr><tr class="passedeven"><td><a href="#m28">Test_OtherDerivatiesTradingFrequency</a></td><td rowspan="1">1500540290985</td><td rowspan="1">42684</td></tr><tr class="passedeven"><td><a href="#m29">Test_OtherDerivativesTradingExperience</a></td><td rowspan="1">1500540247049</td><td rowspan="1">43935</td></tr><tr class="passedeven"><td><a href="#m30">Test_OtherTradingExperience</a></td><td rowspan="1">1500540165873</td><td rowspan="1">40566</td></tr><tr class="passedeven"><td><a href="#m31">Test_OtherTradingFrequency</a></td><td rowspan="1">1500540206440</td><td rowspan="1">40608</td></tr><tr class="passedeven"><td><a href="#m32">Test_StocksTradingExperience</a></td><td rowspan="1">1500540083725</td><td rowspan="1">39955</td></tr><tr class="passedeven"><td><a href="#m33">Test_StocksTradingFrequency</a></td><td rowspan="1">1500540123682</td><td rowspan="1">42190</td></tr></tbody><tbody id="t4"><tr><th colspan="4">CheckPersonalDetailsPage &#8212; passed</th></tr><tr class="passedeven"><td rowspan="13">testCases.Validate_PersonalDetailsPage</td><td><a href="#m34">Login</a></td><td rowspan="1">1500540602576</td><td rowspan="1">11418</td></tr><tr class="passedeven"><td><a href="#m35">NavigateToPersonalDetailsPage</a></td><td rowspan="1">1500540613995</td><td rowspan="1">7486</td></tr><tr class="passedeven"><td><a href="#m36">SetPersonalDetailsFields</a></td><td rowspan="1">1500540683283</td><td rowspan="1">30894</td></tr><tr class="passedeven"><td><a href="#m37">Test_AddressCity_EmptyField</a></td><td rowspan="1">1500540654353</td><td rowspan="1">5582</td></tr><tr class="passedeven"><td><a href="#m38">Test_AddressCity_InvalidChars</a></td><td rowspan="1">1500540648860</td><td rowspan="1">5492</td></tr><tr class="passedeven"><td><a href="#m39">Test_AddressLine1_EmptyField</a></td><td rowspan="1">1500540643456</td><td rowspan="1">5403</td></tr><tr class="passedeven"><td><a href="#m40">Test_AddressLine1_InvalidChars</a></td><td rowspan="1">1500540637853</td><td rowspan="1">5602</td></tr><tr class="passedeven"><td><a href="#m41">Test_TaxId_EmptyField</a></td><td rowspan="1">1500540629513</td><td rowspan="1">8340</td></tr><tr class="passedeven"><td><a href="#m42">Test_TaxResidence_EmptyField</a></td><td rowspan="1">1500540621482</td><td rowspan="1">8030</td></tr><tr class="passedeven"><td><a href="#m43">Test_Telephone_EmptyField</a></td><td rowspan="1">1500540671334</td><td rowspan="1">5655</td></tr><tr class="passedeven"><td><a href="#m44">Test_Telephone_InvalidChars</a></td><td rowspan="1">1500540665642</td><td rowspan="1">5690</td></tr><tr class="passedeven"><td><a href="#m45">Test_Telephone_LessChars</a></td><td rowspan="1">1500540676990</td><td rowspan="1">6292</td></tr><tr class="passedeven"><td><a href="#m46">Test_ZipCode_InvalidChars</a></td><td rowspan="1">1500540659937</td><td rowspan="1">5704</td></tr></tbody><tbody id="t5"><tr><th colspan="4">ChangePasswordPage &#8212; passed</th></tr><tr class="passedeven"><td rowspan="8">testCases.Validate_ChangePasswordPage</td><td><a href="#m47">Login</a></td><td rowspan="1">1500540727520</td><td rowspan="1">11116</td></tr><tr class="passedeven"><td><a href="#m48">NavigateToChangePasswordPage</a></td><td rowspan="1">1500540738637</td><td rowspan="1">10876</td></tr><tr class="passedeven"><td><a href="#m49">Test_DiffPasswords_Validation</a></td><td rowspan="1">1500540791213</td><td rowspan="1">9856</td></tr><tr class="passedeven"><td><a href="#m50">Test_HintMessage_Validation</a></td><td rowspan="1">1500540778250</td><td rowspan="1">1414</td></tr><tr class="passedeven"><td><a href="#m51">Test_IncorrectOldPassword_Validation</a></td><td rowspan="1">1500540801070</td><td rowspan="1">11375</td></tr><tr class="passedeven"><td><a href="#m52">Test_MinChars_Validation</a></td><td rowspan="1">1500540764854</td><td rowspan="1">13395</td></tr><tr class="passedeven"><td><a href="#m53">Test_RequiredFields_Validation</a></td><td rowspan="1">1500540749514</td><td rowspan="1">15339</td></tr><tr class="passedeven"><td><a href="#m54">Test_WeakPassword_Validation</a></td><td rowspan="1">1500540779664</td><td rowspan="1">11548</td></tr></tbody><tbody id="t6"><tr><th colspan="4">CashierPassword &#8212; passed</th></tr><tr class="passedeven"><td rowspan="9">testCases.Validate_CashierPassword</td><td><a href="#m55">Login</a></td><td rowspan="1">1500540821491</td><td rowspan="1">11342</td></tr><tr class="passedeven"><td><a href="#m56">NavigateToCashierPasswordPage</a></td><td rowspan="1">1500540832835</td><td rowspan="1">10813</td></tr><tr class="passedeven"><td><a href="#m57">check_diffPass</a></td><td rowspan="1">1500540871345</td><td rowspan="1">8828</td></tr><tr class="passedeven"><td><a href="#m58">check_emptyField</a></td><td rowspan="1">1500540843649</td><td rowspan="1">10541</td></tr><tr class="passedeven"><td><a href="#m59">check_invPass</a></td><td rowspan="1">1500540862437</td><td rowspan="1">8908</td></tr><tr class="passedeven"><td><a href="#m60">check_minpass</a></td><td rowspan="1">1500540854192</td><td rowspan="1">8244</td></tr><tr class="passedeven"><td><a href="#m61">check_samePass</a></td><td rowspan="1">1500540880174</td><td rowspan="1">9190</td></tr><tr class="passedeven"><td><a href="#m62">unlock</a></td><td rowspan="1">1500540897263</td><td rowspan="1">17036</td></tr><tr class="passedeven"><td><a href="#m63">update_cshrPass</a></td><td rowspan="1">1500540889365</td><td rowspan="1">7898</td></tr></tbody><tbody id="t7"><tr><th colspan="4">CheckLimits &#8212; failed</th></tr><tr class="failedeven"><td rowspan="3">testCases.Validate_Limits</td><td><a href="#m64">NavigateToLimitsPage</a></td><td rowspan="1">1500540948562</td><td rowspan="1">31147</td></tr><tr class="failedeven"><td><a href="#m65">Test_Limits_MaxOpenPosition</a></td><td rowspan="1">1500540979711</td><td rowspan="1">30182</td></tr><tr class="failedeven"><td><a href="#m66">Test_Limits_Message</a></td><td rowspan="1">1500541009895</td><td rowspan="1">30447</td></tr><tr><th colspan="4">CheckLimits &#8212; skipped</th></tr><tr class="skippedeven"><td rowspan="4">testCases.Validate_Limits</td><td><a href="#m67">Test_Exceed_MaxAccountBalance</a></td><td rowspan="1">1500540943354</td><td rowspan="1">1314</td></tr><tr class="skippedeven"><td><a href="#m68">Test_Exceed_MaxOpenPos</a></td><td rowspan="1">1500540945935</td><td rowspan="1">1326</td></tr><tr class="skippedeven"><td><a href="#m69">Test_Lower_MaxAccountBalance</a></td><td rowspan="1">1500540944669</td><td rowspan="1">1265</td></tr><tr class="skippedeven"><td><a href="#m70">Test_Lower_MaxOpenPos</a></td><td rowspan="1">1500540947262</td><td rowspan="1">1298</td></tr><tr><th colspan="4">CheckLimits &#8212; passed</th></tr><tr class="passedeven"><td rowspan="2">testCases.Validate_Limits</td><td><a href="#m71">Login</a></td><td rowspan="1">1500540923706</td><td rowspan="1">13519</td></tr><tr class="passedeven"><td><a href="#m72">NavigateToPersonalDetailsPage</a></td><td rowspan="1">1500540937226</td><td rowspan="1">6128</td></tr></tbody><tbody id="t8"><tr><th colspan="4">CheckLinks &#8212; passed</th></tr><tr class="passedeven"><td rowspan="1">testCases.Validate_Links</td><td><a href="#m73">verify_allLinks</a></td><td rowspan="1">1500541049273</td><td rowspan="1">1245</td></tr></tbody><tbody id="t9"><tr><th colspan="4">ValidateSelfExclusionInput &#8212; failed</th></tr><tr class="failedeven"><td rowspan="4">testCases.Validate_SelfExclusionPage</td><td><a href="#m74">Login</a></td><td rowspan="1">1500541059377</td><td rowspan="1">3010</td></tr><tr class="failedeven"><td><a href="#m75">NavigateToSelfExclusionPage</a></td><td rowspan="1">1500541062390</td><td rowspan="1">30368</td></tr><tr class="failedeven"><td><a href="#m76">TestRequiredFieldDate</a></td><td rowspan="1">1500541123022</td><td rowspan="1">30467</td></tr><tr class="failedeven"><td><a href="#m77">TestValidNumber</a></td><td rowspan="1">1500541092759</td><td rowspan="1">30260</td></tr><tr><th colspan="4">ValidateSelfExclusionInput &#8212; passed</th></tr><tr class="passedeven"><td rowspan="1">testCases.Validate_SelfExclusionPage</td><td><a href="#m78">Refresh</a></td><td rowspan="1">1500541153490</td><td rowspan="1">1019</td></tr></tbody><tbody id="t10"><tr><th colspan="4">CheckAuthorisedApplication &#8212; failed</th></tr><tr class="failedeven"><td rowspan="4">testCases.Validate_AuthorisedApplications</td><td><a href="#m79">checkReviewPage</a></td><td rowspan="1">1500541211682</td><td rowspan="1">30588</td></tr><tr class="failedeven"><td><a href="#m80">grant</a></td><td rowspan="1">1500541272745</td><td rowspan="1">30494</td></tr><tr class="failedeven"><td><a href="#m81">login</a></td><td rowspan="1">1500541181649</td><td rowspan="1">30031</td></tr><tr class="failedeven"><td><a href="#m82">reject</a></td><td rowspan="1">1500541242271</td><td rowspan="1">30472</td></tr><tr><th colspan="4">CheckAuthorisedApplication &#8212; passed</th></tr><tr class="passedeven"><td rowspan="4">testCases.Validate_AuthorisedApplications</td><td><a href="#m83">CheckPageLoad</a></td><td rowspan="1">1500541177553</td><td rowspan="1">1534</td></tr><tr class="passedeven"><td><a href="#m84">Login</a></td><td rowspan="1">1500541158389</td><td rowspan="1">11470</td></tr><tr class="passedeven"><td><a href="#m85">NavigateToAuthorisedAppsPage</a></td><td rowspan="1">1500541169860</td><td rowspan="1">7692</td></tr><tr class="passedeven"><td><a href="#m86">revoke_authapps</a></td><td rowspan="1">1500541179090</td><td rowspan="1">2558</td></tr></tbody><tbody id="t11"><tr><th colspan="4">checkTokenAPI &#8212; passed</th></tr><tr class="passedeven"><td rowspan="9">testCases.Validate_APITokenPage</td><td><a href="#m87">AddNewToken</a></td><td rowspan="1">1500541358961</td><td rowspan="1">11957</td></tr><tr class="passedeven"><td><a href="#m88">CheckInvalidName</a></td><td rowspan="1">1500541354906</td><td rowspan="1">4054</td></tr><tr class="passedeven"><td><a href="#m89">CheckMinChar</a></td><td rowspan="1">1500541341660</td><td rowspan="1">4228</td></tr><tr class="passedeven"><td><a href="#m90">CheckPageLoad</a></td><td rowspan="1">1500541333528</td><td rowspan="1">1690</td></tr><tr class="passedeven"><td><a href="#m91">CheckScopeValidation</a></td><td rowspan="1">1500541335219</td><td rowspan="1">6440</td></tr><tr class="passedeven"><td><a href="#m92">DeleteToken</a></td><td rowspan="1">1500541370919</td><td rowspan="1">1930</td></tr><tr class="passedeven"><td><a href="#m93">DuplicateName</a></td><td rowspan="1">1500541345889</td><td rowspan="1">9017</td></tr><tr class="passedeven"><td><a href="#m94">Login</a></td><td rowspan="1">1500541312619</td><td rowspan="1">12508</td></tr><tr class="passedeven"><td><a href="#m95">NavigateToAPITokenPage</a></td><td rowspan="1">1500541325127</td><td rowspan="1">8401</td></tr></tbody><tbody id="t12"><tr><th colspan="4">ValidateLostPassword &#8212; failed</th></tr><tr class="failedeven"><td rowspan="10">testCases.Validate_LostPassword</td><td><a href="#m96">linkRetry</a></td><td rowspan="1">1500541629333</td><td rowspan="1">30188</td></tr><tr class="failedeven"><td><a href="#m97">resetEmailPage</a></td><td rowspan="1">1500541659522</td><td rowspan="1">30144</td></tr><tr class="failedeven"><td><a href="#m98">resetPassword</a></td><td rowspan="1">1500541598565</td><td rowspan="1">30766</td></tr><tr class="failedeven"><td><a href="#m99">setDOB</a></td><td rowspan="1">1500541568163</td><td rowspan="1">30401</td></tr><tr class="failedeven"><td><a href="#m100">setEmail</a></td><td rowspan="1">1500541416602</td><td rowspan="1">30078</td></tr><tr class="failedeven"><td><a href="#m101">testEmailInvalid</a></td><td rowspan="1">1500541385854</td><td rowspan="1">30747</td></tr><tr class="failedeven"><td><a href="#m102">testEmptyFields</a></td><td rowspan="1">1500541446681</td><td rowspan="1">30392</td></tr><tr class="failedeven"><td><a href="#m103">testPasswordMatch</a></td><td rowspan="1">1500541537996</td><td rowspan="1">30166</td></tr><tr class="failedeven"><td><a href="#m104">testValidPasswordLength</a></td><td rowspan="1">1500541477075</td><td rowspan="1">30438</td></tr><tr class="failedeven"><td><a href="#m105">testValidPasswordOverall</a></td><td rowspan="1">1500541507514</td><td rowspan="1">30481</td></tr><tr><th colspan="4">ValidateLostPassword &#8212; passed</th></tr><tr class="passedeven"><td rowspan="1">testCases.Validate_LostPassword</td><td><a href="#m106">A_navigateToLostPassword</a></td><td rowspan="1">1500541384230</td><td rowspan="1">1623</td></tr></tbody><tbody id="t13"><tr><th colspan="4">checkResourcePage &#8212; failed</th></tr><tr class="failedeven"><td rowspan="1">testCases.Validate_ResourcesPage</td><td><a href="#m107">check_ForexMarket</a></td><td rowspan="1">1500541718034</td><td rowspan="1">384</td></tr><tr><th colspan="4">checkResourcePage &#8212; passed</th></tr><tr class="passedeven"><td rowspan="7">testCases.Validate_ResourcesPage</td><td><a href="#m108">checkTitle</a></td><td rowspan="1">1500541714658</td><td rowspan="1">1434</td></tr><tr class="passedeven"><td><a href="#m109">check_AssetIndex</a></td><td rowspan="1">1500541716093</td><td rowspan="1">1941</td></tr><tr class="passedeven"><td><a href="#m110">check_CommoditiesMarket</a></td><td rowspan="1">1500541742129</td><td rowspan="1">4538</td></tr><tr class="passedeven"><td><a href="#m111">check_IndicesMarket</a></td><td rowspan="1">1500541718419</td><td rowspan="1">11302</td></tr><tr class="passedeven"><td><a href="#m112">check_OTCMarket</a></td><td rowspan="1">1500541729722</td><td rowspan="1">12406</td></tr><tr class="passedeven"><td><a href="#m113">check_VolatilityMarket</a></td><td rowspan="1">1500541746667</td><td rowspan="1">2718</td></tr><tr class="passedeven"><td><a href="#m114">resourcePage</a></td><td rowspan="1">1500541700525</td><td rowspan="1">14132</td></tr></tbody></table><h2>CheckLoginPage</h2><h3 id="m0">testCases.Validate_LoginPage#A_Login</h3><table class="result"><tr><th>Exception</th></tr><tr><td><div class="stacktrace">org.openqa.selenium.WebDriverException: unknown error: Element is not clickable at point (902, 18). Other element would receive the click: &lt;div&gt;...&lt;/div&gt;
  (Session info: chrome=49.0.2623.75)
  (Driver info: chromedriver=2.22.397929 (fb72fb249a903a0b1041ea71eb4c8b3fa0d9be5a),platform=Mac OS X 10.8.5 x86_64) (WARNING: The server did not provide any stacktrace information)
Command duration or timeout: 46 milliseconds
Build info: version: &apos;2.53.0&apos;, revision: &apos;35ae25b&apos;, time: &apos;2016-03-15 17:00:58&apos;
System info: host: &apos;mac-185-12-15-117.browserstack.com&apos;, ip: &apos;185.12.15.117&apos;, os.name: &apos;Mac OS X&apos;, os.arch: &apos;x86_64&apos;, os.version: &apos;10.8.5&apos;, java.version: &apos;1.8.0_51&apos;
Driver info: org.openqa.selenium.chrome.ChromeDriver
Capabilities [{applicationCacheEnabled=false, rotatable=false, mobileEmulationEnabled=false, chrome={chromedriverVersion=2.22.397929 (fb72fb249a903a0b1041ea71eb4c8b3fa0d9be5a), userDataDir=/var/folders/p7/6ymv7981107c8f230k6pr_zw0000gp/T/.org.chromium.Chromium.XWEzzP}, takesHeapSnapshot=true, databaseEnabled=false, handlesAlerts=true, hasTouchScreen=false, version=49.0.2623.75, platform=MAC, browserConnectionEnabled=false, nativeEvents=true, acceptSslCerts=true, locationContextEnabled=true, webStorageEnabled=true, browserName=chrome, takesScreenshot=true, javascriptEnabled=true, cssSelectorsEnabled=true}]
Session ID: 634054cc8e06c6ea7c5a0a441032f474
Command duration or timeout: 345 milliseconds
	at org.openqa.selenium.remote.ErrorHandler.createThrowable(ErrorHandler.java:216)
	at org.openqa.selenium.remote.ErrorHandler.throwIfResponseFailed(ErrorHandler.java:168)
	at org.openqa.selenium.remote.RemoteWebDriver.execute(RemoteWebDriver.java:635)
	at org.openqa.selenium.remote.RemoteWebElement.execute(RemoteWebElement.java:274)
	at org.openqa.selenium.remote.RemoteWebElement.click(RemoteWebElement.java:84)
	at appModules.Navigation_Action.Navigate_To_LoginPage(Navigation_Action.java:32)
	at testCases.Validate_LoginPage.A_Login(Validate_LoginPage.java:14)
Caused by: org.openqa.selenium.WebDriverException: unknown error: Element is not clickable at point (902, 18). Other element would receive the click: &lt;div&gt;...&lt;/div&gt;
  (Session info: chrome=49.0.2623.75)
  (Driver info: chromedriver=2.22.397929 (fb72fb249a903a0b1041ea71eb4c8b3fa0d9be5a),platform=Mac OS X 10.8.5 x86_64) (WARNING: The server did not provide any stacktrace information)
Command duration or timeout: 46 milliseconds
Build info: version: &apos;2.53.0&apos;, revision: &apos;35ae25b&apos;, time: &apos;2016-03-15 17:00:58&apos;
System info: host: &apos;mac-185-12-15-117.browserstack.com&apos;, ip: &apos;185.12.15.117&apos;, os.name: &apos;Mac OS X&apos;, os.arch: &apos;x86_64&apos;, os.version: &apos;10.8.5&apos;, java.version: &apos;1.8.0_51&apos;
Driver info: org.openqa.selenium.chrome.ChromeDriver
Capabilities [{applicationCacheEnabled=false, rotatable=false, mobileEmulationEnabled=false, chrome={chromedriverVersion=2.22.397929 (fb72fb249a903a0b1041ea71eb4c8b3fa0d9be5a), userDataDir=/var/folders/p7/6ymv7981107c8f230k6pr_zw0000gp/T/.org.chromium.Chromium.XWEzzP}, takesHeapSnapshot=true, databaseEnabled=false, handlesAlerts=true, hasTouchScreen=false, version=49.0.2623.75, platform=MAC, browserConnectionEnabled=false, nativeEvents=true, acceptSslCerts=true, locationContextEnabled=true, webStorageEnabled=true, browserName=chrome, takesScreenshot=true, javascriptEnabled=true, cssSelectorsEnabled=true}]
Session ID: 634054cc8e06c6ea7c5a0a441032f474
Build info: version: &apos;3.1.0&apos;, revision: &apos;b94c902&apos;, time: &apos;2017-02-16 12:21:31 -0800&apos;
System info: host: &apos;ehtesham-HP-ProBook-4540s&apos;, ip: &apos;127.0.1.1&apos;, os.name: &apos;Linux&apos;, os.arch: &apos;amd64&apos;, os.version: &apos;4.4.0-75-generic&apos;, java.version: &apos;1.8.0_131&apos;
Driver info: driver.version: RemoteWebDriver
	at org.openqa.selenium.remote.ErrorHandler.createThrowable(ErrorHandler.java:206)
	at org.openqa.selenium.remote.ErrorHandler.throwIfResponseFailed(ErrorHandler.java:158)
	at org.openqa.selenium.remote.RemoteWebDriver.execute(RemoteWebDriver.java:678)
	at org.openqa.selenium.remote.RemoteWebElement.execute(RemoteWebElement.java:327)
	at org.openqa.selenium.remote.RemoteWebElement.click(RemoteWebElement.java:85)
	at org.openqa.selenium.support.events.EventFiringWebDriver$EventFiringWebElement$1.invoke(EventFiringWebDriver.java:335)
	at com.sun.proxy.$Proxy2.click(Unknown Source)
	at org.openqa.selenium.support.events.EventFiringWebDriver$EventFiringWebElement.click(EventFiringWebDriver.java:348)
	at org.openqa.selenium.remote.server.KnownElements$1.invoke(KnownElements.java:64)
	at com.sun.proxy.$Proxy3.click(Unknown Source)
	at org.openqa.selenium.remote.server.handler.ClickElement.call(ClickElement.java:30)
	at org.openqa.selenium.remote.server.handler.ClickElement.call(ClickElement.java:1)
	at java.util.concurrent.FutureTask.run(FutureTask.java:266)
	at org.openqa.selenium.remote.server.DefaultSession$1.run(DefaultSession.java:176)
	at java.util.concurrent.ThreadPoolExecutor.runWorker(ThreadPoolExecutor.java:1142)
	at java.util.concurrent.ThreadPoolExecutor$Worker.run(ThreadPoolExecutor.java:617)
	at java.lang.Thread.run(Thread.java:745)
... Removed 41 stack frames</div></td></tr></table><p class="totop"><a href="#summary">back to summary</a></p><h3 id="m1">testCases.Validate_LoginPage#B_Logout</h3><table class="result"><tr><th>Exception</th></tr><tr><td><div class="stacktrace">org.openqa.selenium.TimeoutException: Expected condition failed: waiting for element to be clickable: By.xpath: .//*[@id=&apos;main-account&apos;]/li/a/div[2] (tried for 30 second(s) with 500 MILLISECONDS interval)
Build info: version: &apos;3.1.0&apos;, revision: &apos;b94c902&apos;, time: &apos;2017-02-16 12:21:31 -0800&apos;
System info: host: &apos;ehtesham-HP-ProBook-4540s&apos;, ip: &apos;127.0.1.1&apos;, os.name: &apos;Linux&apos;, os.arch: &apos;amd64&apos;, os.version: &apos;4.4.0-75-generic&apos;, java.version: &apos;1.8.0_131&apos;
Driver info: org.openqa.selenium.remote.RemoteWebDriver
Capabilities [{applicationCacheEnabled=false, rotatable=false, mobileEmulationEnabled=false, chrome={chromedriverVersion=2.22.397929 (fb72fb249a903a0b1041ea71eb4c8b3fa0d9be5a), userDataDir=/var/folders/p7/6ymv7981107c8f230k6pr_zw0000gp/T/.org.chromium.Chromium.XWEzzP}, takesHeapSnapshot=true, databaseEnabled=false, handlesAlerts=true, hasTouchScreen=false, version=49.0.2623.75, platform=MAC, browserConnectionEnabled=false, nativeEvents=true, acceptSslCerts=true, webdriver.remote.sessionid=0e9a0529c5d6bfcf70083032e99bb0e01ac6f4ca, locationContextEnabled=true, webStorageEnabled=true, browserName=chrome, takesScreenshot=true, javascriptEnabled=true, cssSelectorsEnabled=true}]
Session ID: 0e9a0529c5d6bfcf70083032e99bb0e01ac6f4ca
	at org.openqa.selenium.support.ui.WebDriverWait.timeoutException(WebDriverWait.java:80)
	at org.openqa.selenium.support.ui.FluentWait.until(FluentWait.java:257)
	at utility.CommonFunctions.FindElementWithExplicitWait(CommonFunctions.java:32)
	at pageObjects.MainAccount_Menu.link_MainAccount(MainAccount_Menu.java:32)
	at appModules.Logout_Action.Execute(Logout_Action.java:9)
	at appModules.Navigation_Action.Navigate_To_LogoutPage(Navigation_Action.java:58)
	at testCases.Validate_LoginPage.B_Logout(Validate_LoginPage.java:19)
... Removed 25 stack frames</div></td></tr></table><p class="totop"><a href="#summary">back to summary</a></p><h3 id="m2">testCases.Validate_LoginPage#C_Login_IncorrectPassword</h3><table class="result"><tr><th>Exception</th></tr><tr><td><div class="stacktrace">org.openqa.selenium.WebDriverException: unknown error: Element is not clickable at point (902, 18). Other element would receive the click: &lt;div&gt;...&lt;/div&gt;
  (Session info: chrome=49.0.2623.75)
  (Driver info: chromedriver=2.22.397929 (fb72fb249a903a0b1041ea71eb4c8b3fa0d9be5a),platform=Mac OS X 10.8.5 x86_64) (WARNING: The server did not provide any stacktrace information)
Command duration or timeout: 36 milliseconds
Build info: version: &apos;2.53.0&apos;, revision: &apos;35ae25b&apos;, time: &apos;2016-03-15 17:00:58&apos;
System info: host: &apos;mac-185-12-15-117.browserstack.com&apos;, ip: &apos;185.12.15.117&apos;, os.name: &apos;Mac OS X&apos;, os.arch: &apos;x86_64&apos;, os.version: &apos;10.8.5&apos;, java.version: &apos;1.8.0_51&apos;
Driver info: org.openqa.selenium.chrome.ChromeDriver
Capabilities [{applicationCacheEnabled=false, rotatable=false, mobileEmulationEnabled=false, chrome={chromedriverVersion=2.22.397929 (fb72fb249a903a0b1041ea71eb4c8b3fa0d9be5a), userDataDir=/var/folders/p7/6ymv7981107c8f230k6pr_zw0000gp/T/.org.chromium.Chromium.XWEzzP}, takesHeapSnapshot=true, databaseEnabled=false, handlesAlerts=true, hasTouchScreen=false, version=49.0.2623.75, platform=MAC, browserConnectionEnabled=false, nativeEvents=true, acceptSslCerts=true, locationContextEnabled=true, webStorageEnabled=true, browserName=chrome, takesScreenshot=true, javascriptEnabled=true, cssSelectorsEnabled=true}]
Session ID: 634054cc8e06c6ea7c5a0a441032f474
Command duration or timeout: 270 milliseconds
	at org.openqa.selenium.remote.ErrorHandler.createThrowable(ErrorHandler.java:216)
	at org.openqa.selenium.remote.ErrorHandler.throwIfResponseFailed(ErrorHandler.java:168)
	at org.openqa.selenium.remote.RemoteWebDriver.execute(RemoteWebDriver.java:635)
	at org.openqa.selenium.remote.RemoteWebElement.execute(RemoteWebElement.java:274)
	at org.openqa.selenium.remote.RemoteWebElement.click(RemoteWebElement.java:84)
	at appModules.Navigation_Action.Navigate_To_LoginPage(Navigation_Action.java:32)
	at testCases.Validate_LoginPage.C_Login_IncorrectPassword(Validate_LoginPage.java:25)
Caused by: org.openqa.selenium.WebDriverException: unknown error: Element is not clickable at point (902, 18). Other element would receive the click: &lt;div&gt;...&lt;/div&gt;
  (Session info: chrome=49.0.2623.75)
  (Driver info: chromedriver=2.22.397929 (fb72fb249a903a0b1041ea71eb4c8b3fa0d9be5a),platform=Mac OS X 10.8.5 x86_64) (WARNING: The server did not provide any stacktrace information)
Command duration or timeout: 36 milliseconds
Build info: version: &apos;2.53.0&apos;, revision: &apos;35ae25b&apos;, time: &apos;2016-03-15 17:00:58&apos;
System info: host: &apos;mac-185-12-15-117.browserstack.com&apos;, ip: &apos;185.12.15.117&apos;, os.name: &apos;Mac OS X&apos;, os.arch: &apos;x86_64&apos;, os.version: &apos;10.8.5&apos;, java.version: &apos;1.8.0_51&apos;
Driver info: org.openqa.selenium.chrome.ChromeDriver
Capabilities [{applicationCacheEnabled=false, rotatable=false, mobileEmulationEnabled=false, chrome={chromedriverVersion=2.22.397929 (fb72fb249a903a0b1041ea71eb4c8b3fa0d9be5a), userDataDir=/var/folders/p7/6ymv7981107c8f230k6pr_zw0000gp/T/.org.chromium.Chromium.XWEzzP}, takesHeapSnapshot=true, databaseEnabled=false, handlesAlerts=true, hasTouchScreen=false, version=49.0.2623.75, platform=MAC, browserConnectionEnabled=false, nativeEvents=true, acceptSslCerts=true, locationContextEnabled=true, webStorageEnabled=true, browserName=chrome, takesScreenshot=true, javascriptEnabled=true, cssSelectorsEnabled=true}]
Session ID: 634054cc8e06c6ea7c5a0a441032f474
Build info: version: &apos;3.1.0&apos;, revision: &apos;b94c902&apos;, time: &apos;2017-02-16 12:21:31 -0800&apos;
System info: host: &apos;ehtesham-HP-ProBook-4540s&apos;, ip: &apos;127.0.1.1&apos;, os.name: &apos;Linux&apos;, os.arch: &apos;amd64&apos;, os.version: &apos;4.4.0-75-generic&apos;, java.version: &apos;1.8.0_131&apos;
Driver info: driver.version: RemoteWebDriver
	at org.openqa.selenium.remote.ErrorHandler.createThrowable(ErrorHandler.java:206)
	at org.openqa.selenium.remote.ErrorHandler.throwIfResponseFailed(ErrorHandler.java:158)
	at org.openqa.selenium.remote.RemoteWebDriver.execute(RemoteWebDriver.java:678)
	at org.openqa.selenium.remote.RemoteWebElement.execute(RemoteWebElement.java:327)
	at org.openqa.selenium.remote.RemoteWebElement.click(RemoteWebElement.java:85)
	at org.openqa.selenium.support.events.EventFiringWebDriver$EventFiringWebElement$1.invoke(EventFiringWebDriver.java:335)
	at com.sun.proxy.$Proxy2.click(Unknown Source)
	at org.openqa.selenium.support.events.EventFiringWebDriver$EventFiringWebElement.click(EventFiringWebDriver.java:348)
	at org.openqa.selenium.remote.server.KnownElements$1.invoke(KnownElements.java:64)
	at com.sun.proxy.$Proxy3.click(Unknown Source)
	at org.openqa.selenium.remote.server.handler.ClickElement.call(ClickElement.java:30)
	at org.openqa.selenium.remote.server.handler.ClickElement.call(ClickElement.java:1)
	at java.util.concurrent.FutureTask.run(FutureTask.java:266)
	at org.openqa.selenium.remote.server.DefaultSession$1.run(DefaultSession.java:176)
	at java.util.concurrent.ThreadPoolExecutor.runWorker(ThreadPoolExecutor.java:1142)
	at java.util.concurrent.ThreadPoolExecutor$Worker.run(ThreadPoolExecutor.java:617)
	at java.lang.Thread.run(Thread.java:745)
... Removed 41 stack frames</div></td></tr></table><p class="totop"><a href="#summary">back to summary</a></p><h2>CheckLoginHistoryPage</h2><h3 id="m3">testCases.Validate_LoginHistoryPage#A_Login_IncorrectPassword</h3><table class="result"></table><p class="totop"><a href="#summary">back to summary</a></p><h3 id="m4">testCases.Validate_LoginHistoryPage#CheckTotalRows</h3><table class="result"></table><p class="totop"><a href="#summary">back to summary</a></p><h3 id="m5">testCases.Validate_LoginHistoryPage#Check_NewEntries</h3><table class="result"></table><p class="totop"><a href="#summary">back to summary</a></p><h3 id="m6">testCases.Validate_LoginHistoryPage#Login</h3><table class="result"></table><p class="totop"><a href="#summary">back to summary</a></p><h3 id="m7">testCases.Validate_LoginHistoryPage#NavigateToLoginHistoryPage</h3><table class="result"></table><p class="totop"><a href="#summary">back to summary</a></p><h3 id="m8">testCases.Validate_LoginHistoryPage#logout</h3><table class="result"></table><p class="totop"><a href="#summary">back to summary</a></p><h3 id="m9">testCases.Validate_LoginHistoryPage#reset_Login</h3><table class="result"></table><p class="totop"><a href="#summary">back to summary</a></p><h2>SetFinancialAssessment</h2><h3 id="m10">testCases.Validate_SetFinancialAssessment#A_Login</h3><table class="result"></table><p class="totop"><a href="#summary">back to summary</a></p><h3 id="m11">testCases.Validate_SetFinancialAssessment#B_NavigateToFinancialAssessmentPage</h3><table class="result"></table><p class="totop"><a href="#summary">back to summary</a></p><h3 id="m12">testCases.Validate_SetFinancialAssessment#C_Set_FinancialAssessment</h3><table class="result"></table><p class="totop"><a href="#summary">back to summary</a></p><h3 id="m13">testCases.Validate_SetFinancialAssessment#D_Logout</h3><table class="result"></table><p class="totop"><a href="#summary">back to summary</a></p><h2>FinancialAssessmentFields</h2><h3 id="m14">testCases.Validate_FinancialAssessmentFields#Login</h3><table class="result"></table><p class="totop"><a href="#summary">back to summary</a></p><h3 id="m15">testCases.Validate_FinancialAssessmentFields#NavigateToFinancialAssessmentPage</h3><table class="result"></table><p class="totop"><a href="#summary">back to summary</a></p><h3 id="m16">testCases.Validate_FinancialAssessmentFields#Test_AnnualIncome</h3><table class="result"></table><p class="totop"><a href="#summary">back to summary</a></p><h3 id="m17">testCases.Validate_FinancialAssessmentFields#Test_AnticipatedAccountTurnover</h3><table class="result"></table><p class="totop"><a href="#summary">back to summary</a></p><h3 id="m18">testCases.Validate_FinancialAssessmentFields#Test_CommoditiesTradingExperience</h3><table class="result"></table><p class="totop"><a href="#summary">back to summary</a></p><h3 id="m19">testCases.Validate_FinancialAssessmentFields#Test_CommoditiesTradingFrequency</h3><table class="result"></table><p class="totop"><a href="#summary">back to summary</a></p><h3 id="m20">testCases.Validate_FinancialAssessmentFields#Test_Education</h3><table class="result"></table><p class="totop"><a href="#summary">back to summary</a></p><h3 id="m21">testCases.Validate_FinancialAssessmentFields#Test_ForexTradingExperience</h3><table class="result"></table><p class="totop"><a href="#summary">back to summary</a></p><h3 id="m22">testCases.Validate_FinancialAssessmentFields#Test_ForexTradingFrequency</h3><table class="result"></table><p class="totop"><a href="#summary">back to summary</a></p><h3 id="m23">testCases.Validate_FinancialAssessmentFields#Test_IndicesTradingExperience</h3><table class="result"></table><p class="totop"><a href="#summary">back to summary</a></p><h3 id="m24">testCases.Validate_FinancialAssessmentFields#Test_IndicesTradingFrequency</h3><table class="result"></table><p class="totop"><a href="#summary">back to summary</a></p><h3 id="m25">testCases.Validate_FinancialAssessmentFields#Test_IndustryEmployment</h3><table class="result"></table><p class="totop"><a href="#summary">back to summary</a></p><h3 id="m26">testCases.Validate_FinancialAssessmentFields#Test_NetWorth</h3><table class="result"></table><p class="totop"><a href="#summary">back to summary</a></p><h3 id="m27">testCases.Validate_FinancialAssessmentFields#Test_Occupation</h3><table class="result"></table><p class="totop"><a href="#summary">back to summary</a></p><h3 id="m28">testCases.Validate_FinancialAssessmentFields#Test_OtherDerivatiesTradingFrequency</h3><table class="result"></table><p class="totop"><a href="#summary">back to summary</a></p><h3 id="m29">testCases.Validate_FinancialAssessmentFields#Test_OtherDerivativesTradingExperience</h3><table class="result"></table><p class="totop"><a href="#summary">back to summary</a></p><h3 id="m30">testCases.Validate_FinancialAssessmentFields#Test_OtherTradingExperience</h3><table class="result"></table><p class="totop"><a href="#summary">back to summary</a></p><h3 id="m31">testCases.Validate_FinancialAssessmentFields#Test_OtherTradingFrequency</h3><table class="result"></table><p class="totop"><a href="#summary">back to summary</a></p><h3 id="m32">testCases.Validate_FinancialAssessmentFields#Test_StocksTradingExperience</h3><table class="result"></table><p class="totop"><a href="#summary">back to summary</a></p><h3 id="m33">testCases.Validate_FinancialAssessmentFields#Test_StocksTradingFrequency</h3><table class="result"></table><p class="totop"><a href="#summary">back to summary</a></p><h2>CheckPersonalDetailsPage</h2><h3 id="m34">testCases.Validate_PersonalDetailsPage#Login</h3><table class="result"></table><p class="totop"><a href="#summary">back to summary</a></p><h3 id="m35">testCases.Validate_PersonalDetailsPage#NavigateToPersonalDetailsPage</h3><table class="result"></table><p class="totop"><a href="#summary">back to summary</a></p><h3 id="m36">testCases.Validate_PersonalDetailsPage#SetPersonalDetailsFields</h3><table class="result"></table><p class="totop"><a href="#summary">back to summary</a></p><h3 id="m37">testCases.Validate_PersonalDetailsPage#Test_AddressCity_EmptyField</h3><table class="result"></table><p class="totop"><a href="#summary">back to summary</a></p><h3 id="m38">testCases.Validate_PersonalDetailsPage#Test_AddressCity_InvalidChars</h3><table class="result"></table><p class="totop"><a href="#summary">back to summary</a></p><h3 id="m39">testCases.Validate_PersonalDetailsPage#Test_AddressLine1_EmptyField</h3><table class="result"></table><p class="totop"><a href="#summary">back to summary</a></p><h3 id="m40">testCases.Validate_PersonalDetailsPage#Test_AddressLine1_InvalidChars</h3><table class="result"></table><p class="totop"><a href="#summary">back to summary</a></p><h3 id="m41">testCases.Validate_PersonalDetailsPage#Test_TaxId_EmptyField</h3><table class="result"></table><p class="totop"><a href="#summary">back to summary</a></p><h3 id="m42">testCases.Validate_PersonalDetailsPage#Test_TaxResidence_EmptyField</h3><table class="result"></table><p class="totop"><a href="#summary">back to summary</a></p><h3 id="m43">testCases.Validate_PersonalDetailsPage#Test_Telephone_EmptyField</h3><table class="result"></table><p class="totop"><a href="#summary">back to summary</a></p><h3 id="m44">testCases.Validate_PersonalDetailsPage#Test_Telephone_InvalidChars</h3><table class="result"></table><p class="totop"><a href="#summary">back to summary</a></p><h3 id="m45">testCases.Validate_PersonalDetailsPage#Test_Telephone_LessChars</h3><table class="result"></table><p class="totop"><a href="#summary">back to summary</a></p><h3 id="m46">testCases.Validate_PersonalDetailsPage#Test_ZipCode_InvalidChars</h3><table class="result"></table><p class="totop"><a href="#summary">back to summary</a></p><h2>ChangePasswordPage</h2><h3 id="m47">testCases.Validate_ChangePasswordPage#Login</h3><table class="result"></table><p class="totop"><a href="#summary">back to summary</a></p><h3 id="m48">testCases.Validate_ChangePasswordPage#NavigateToChangePasswordPage</h3><table class="result"></table><p class="totop"><a href="#summary">back to summary</a></p><h3 id="m49">testCases.Validate_ChangePasswordPage#Test_DiffPasswords_Validation</h3><table class="result"></table><p class="totop"><a href="#summary">back to summary</a></p><h3 id="m50">testCases.Validate_ChangePasswordPage#Test_HintMessage_Validation</h3><table class="result"></table><p class="totop"><a href="#summary">back to summary</a></p><h3 id="m51">testCases.Validate_ChangePasswordPage#Test_IncorrectOldPassword_Validation</h3><table class="result"></table><p class="totop"><a href="#summary">back to summary</a></p><h3 id="m52">testCases.Validate_ChangePasswordPage#Test_MinChars_Validation</h3><table class="result"></table><p class="totop"><a href="#summary">back to summary</a></p><h3 id="m53">testCases.Validate_ChangePasswordPage#Test_RequiredFields_Validation</h3><table class="result"></table><p class="totop"><a href="#summary">back to summary</a></p><h3 id="m54">testCases.Validate_ChangePasswordPage#Test_WeakPassword_Validation</h3><table class="result"></table><p class="totop"><a href="#summary">back to summary</a></p><h2>CashierPassword</h2><h3 id="m55">testCases.Validate_CashierPassword#Login</h3><table class="result"></table><p class="totop"><a href="#summary">back to summary</a></p><h3 id="m56">testCases.Validate_CashierPassword#NavigateToCashierPasswordPage</h3><table class="result"></table><p class="totop"><a href="#summary">back to summary</a></p><h3 id="m57">testCases.Validate_CashierPassword#check_diffPass</h3><table class="result"></table><p class="totop"><a href="#summary">back to summary</a></p><h3 id="m58">testCases.Validate_CashierPassword#check_emptyField</h3><table class="result"></table><p class="totop"><a href="#summary">back to summary</a></p><h3 id="m59">testCases.Validate_CashierPassword#check_invPass</h3><table class="result"></table><p class="totop"><a href="#summary">back to summary</a></p><h3 id="m60">testCases.Validate_CashierPassword#check_minpass</h3><table class="result"></table><p class="totop"><a href="#summary">back to summary</a></p><h3 id="m61">testCases.Validate_CashierPassword#check_samePass</h3><table class="result"></table><p class="totop"><a href="#summary">back to summary</a></p><h3 id="m62">testCases.Validate_CashierPassword#unlock</h3><table class="result"></table><p class="totop"><a href="#summary">back to summary</a></p><h3 id="m63">testCases.Validate_CashierPassword#update_cshrPass</h3><table class="result"></table><p class="totop"><a href="#summary">back to summary</a></p><h2>CheckLimits</h2><h3 id="m64">testCases.Validate_Limits#NavigateToLimitsPage</h3><table class="result"><tr><th>Exception</th></tr><tr><td><div class="stacktrace">org.openqa.selenium.TimeoutException: Expected condition failed: waiting for element to be clickable: By.xpath: .//*[@id=&apos;not_authenticated&apos;] (tried for 30 second(s) with 500 MILLISECONDS interval)
	at org.openqa.selenium.support.ui.WebDriverWait.timeoutException(WebDriverWait.java:80)
	at org.openqa.selenium.support.ui.FluentWait.until(FluentWait.java:257)
	at utility.CommonFunctions.FindElementWithExplicitWait(CommonFunctions.java:32)
	at pageObjects.Authentication.txt_nonAuthedMsg(Authentication.java:17)
	at appModules.Limits_Action.checkAuth(Limits_Action.java:105)
	at testCases.Validate_Limits.NavigateToLimitsPage(Validate_Limits.java:40)
Caused by: org.openqa.selenium.NoSuchElementException: Cannot locate an element using By.xpath: .//*[@id=&apos;not_authenticated&apos;]
For documentation on this error, please visit: http://seleniumhq.org/exceptions/no_such_element.html
Build info: version: &apos;3.1.0&apos;, revision: &apos;b94c902&apos;, time: &apos;2017-02-16 12:21:31 -0800&apos;
System info: host: &apos;ehtesham-HP-ProBook-4540s&apos;, ip: &apos;127.0.1.1&apos;, os.name: &apos;Linux&apos;, os.arch: &apos;amd64&apos;, os.version: &apos;4.4.0-75-generic&apos;, java.version: &apos;1.8.0_131&apos;
Driver info: driver.version: unknown
	at org.openqa.selenium.support.ui.ExpectedConditions.lambda$findElement$0(ExpectedConditions.java:896)
	at java.util.Optional.orElseThrow(Optional.java:290)
	at org.openqa.selenium.support.ui.ExpectedConditions.findElement(ExpectedConditions.java:895)
	at org.openqa.selenium.support.ui.ExpectedConditions.access$000(ExpectedConditions.java:41)
	at org.openqa.selenium.support.ui.ExpectedConditions$7.apply(ExpectedConditions.java:205)
	at org.openqa.selenium.support.ui.ExpectedConditions$7.apply(ExpectedConditions.java:201)
	at org.openqa.selenium.support.ui.ExpectedConditions$22.apply(ExpectedConditions.java:651)
	at org.openqa.selenium.support.ui.ExpectedConditions$22.apply(ExpectedConditions.java:644)
	at org.openqa.selenium.support.ui.FluentWait.until(FluentWait.java:234)
	... 29 more
... Removed 25 stack frames</div></td></tr></table><p class="totop"><a href="#summary">back to summary</a></p><h3 id="m65">testCases.Validate_Limits#Test_Limits_MaxOpenPosition</h3><table class="result"><tr><th>Exception</th></tr><tr><td><div class="stacktrace">org.openqa.selenium.TimeoutException: Expected condition failed: waiting for element to be clickable: By.xpath: .//*[@id=&apos;content&apos;]/div[2]/div[1]/div[1]/div[1]/table/tbody/tr[1]/td[2] (tried for 30 second(s) with 500 MILLISECONDS interval)
	at org.openqa.selenium.support.ui.WebDriverWait.timeoutException(WebDriverWait.java:80)
	at org.openqa.selenium.support.ui.FluentWait.until(FluentWait.java:257)
	at utility.CommonFunctions.FindElementWithExplicitWait(CommonFunctions.java:32)
	at pageObjects.Limits.select_MaxOpenPos(Limits.java:17)
	at appModules.Limits_Action.limit_openpo(Limits_Action.java:137)
	at testCases.Validate_Limits.Test_Limits_MaxOpenPosition(Validate_Limits.java:50)
Caused by: org.openqa.selenium.NoSuchElementException: Cannot locate an element using By.xpath: .//*[@id=&apos;content&apos;]/div[2]/div[1]/div[1]/div[1]/table/tbody/tr[1]/td[2]
For documentation on this error, please visit: http://seleniumhq.org/exceptions/no_such_element.html
Build info: version: &apos;3.1.0&apos;, revision: &apos;b94c902&apos;, time: &apos;2017-02-16 12:21:31 -0800&apos;
System info: host: &apos;ehtesham-HP-ProBook-4540s&apos;, ip: &apos;127.0.1.1&apos;, os.name: &apos;Linux&apos;, os.arch: &apos;amd64&apos;, os.version: &apos;4.4.0-75-generic&apos;, java.version: &apos;1.8.0_131&apos;
Driver info: driver.version: unknown
	at org.openqa.selenium.support.ui.ExpectedConditions.lambda$findElement$0(ExpectedConditions.java:896)
	at java.util.Optional.orElseThrow(Optional.java:290)
	at org.openqa.selenium.support.ui.ExpectedConditions.findElement(ExpectedConditions.java:895)
	at org.openqa.selenium.support.ui.ExpectedConditions.access$000(ExpectedConditions.java:41)
	at org.openqa.selenium.support.ui.ExpectedConditions$7.apply(ExpectedConditions.java:205)
	at org.openqa.selenium.support.ui.ExpectedConditions$7.apply(ExpectedConditions.java:201)
	at org.openqa.selenium.support.ui.ExpectedConditions$22.apply(ExpectedConditions.java:651)
	at org.openqa.selenium.support.ui.ExpectedConditions$22.apply(ExpectedConditions.java:644)
	at org.openqa.selenium.support.ui.FluentWait.until(FluentWait.java:234)
	... 29 more
... Removed 25 stack frames</div></td></tr></table><p class="totop"><a href="#summary">back to summary</a></p><h3 id="m66">testCases.Validate_Limits#Test_Limits_Message</h3><table class="result"><tr><th>Exception</th></tr><tr><td><div class="stacktrace">org.openqa.selenium.TimeoutException: Expected condition failed: waiting for element to be clickable: By.xpath: .//*[@id=&apos;main-account&apos;]/li/a/div[2] (tried for 30 second(s) with 500 MILLISECONDS interval)
Build info: version: &apos;3.1.0&apos;, revision: &apos;b94c902&apos;, time: &apos;2017-02-16 12:21:31 -0800&apos;
System info: host: &apos;ehtesham-HP-ProBook-4540s&apos;, ip: &apos;127.0.1.1&apos;, os.name: &apos;Linux&apos;, os.arch: &apos;amd64&apos;, os.version: &apos;4.4.0-75-generic&apos;, java.version: &apos;1.8.0_131&apos;
Driver info: org.openqa.selenium.remote.RemoteWebDriver
Capabilities [{applicationCacheEnabled=false, rotatable=false, mobileEmulationEnabled=false, networkConnectionEnabled=false, chrome={chromedriverVersion=2.30.477700 (0057494ad8732195794a7b32078424f92a5fce41), userDataDir=C:\Users\hello\AppData\Local\Temp\scoped_dir4040_3893}, takesHeapSnapshot=true, pageLoadStrategy=normal, databaseEnabled=false, handlesAlerts=true, hasTouchScreen=false, version=59.0.3071.86, platform=WINDOWS, browserConnectionEnabled=false, nativeEvents=true, acceptSslCerts=true, locationContextEnabled=true, webStorageEnabled=true, browserName=chrome, takesScreenshot=true, javascriptEnabled=true, cssSelectorsEnabled=true, unexpectedAlertBehaviour=}]
Session ID: 408961fc8e92edea70ba762c2dbfe42326d38999
	at org.openqa.selenium.support.ui.WebDriverWait.timeoutException(WebDriverWait.java:80)
	at org.openqa.selenium.support.ui.FluentWait.until(FluentWait.java:257)
	at utility.CommonFunctions.FindElementWithExplicitWait(CommonFunctions.java:32)
	at pageObjects.MainAccount_Menu.link_MainAccount(MainAccount_Menu.java:32)
	at appModules.Limits_Action.test_msg(Limits_Action.java:144)
	at testCases.Validate_Limits.Test_Limits_Message(Validate_Limits.java:54)
... Removed 25 stack frames</div></td></tr></table><p class="totop"><a href="#summary">back to summary</a></p><h3 id="m67">testCases.Validate_Limits#Test_Exceed_MaxAccountBalance</h3><table class="result"><tr><th>Exception</th></tr><tr><td><div class="stacktrace">org.testng.SkipException: Skipping this exception
	at appModules.Limits_Action.checkExMaxAccBal(Limits_Action.java:19)
	at testCases.Validate_Limits.Test_Exceed_MaxAccountBalance(Validate_Limits.java:23)
... Removed 25 stack frames</div></td></tr></table><p class="totop"><a href="#summary">back to summary</a></p><h3 id="m68">testCases.Validate_Limits#Test_Exceed_MaxOpenPos</h3><table class="result"><tr><th>Exception</th></tr><tr><td><div class="stacktrace">org.testng.SkipException: Skipping this exception
	at appModules.Limits_Action.checkExMaxOpPo(Limits_Action.java:63)
	at testCases.Validate_Limits.Test_Exceed_MaxOpenPos(Validate_Limits.java:31)
... Removed 25 stack frames</div></td></tr></table><p class="totop"><a href="#summary">back to summary</a></p><h3 id="m69">testCases.Validate_Limits#Test_Lower_MaxAccountBalance</h3><table class="result"><tr><th>Exception</th></tr><tr><td><div class="stacktrace">org.testng.SkipException: Skipping this exception
	at appModules.Limits_Action.checkLowMaxAccBal(Limits_Action.java:35)
	at testCases.Validate_Limits.Test_Lower_MaxAccountBalance(Validate_Limits.java:27)
... Removed 25 stack frames</div></td></tr></table><p class="totop"><a href="#summary">back to summary</a></p><h3 id="m70">testCases.Validate_Limits#Test_Lower_MaxOpenPos</h3><table class="result"><tr><th>Exception</th></tr><tr><td><div class="stacktrace">org.testng.SkipException: Skipping this exception
	at appModules.Limits_Action.checkLowMaxOpPo(Limits_Action.java:79)
	at testCases.Validate_Limits.Test_Lower_MaxOpenPos(Validate_Limits.java:35)
... Removed 25 stack frames</div></td></tr></table><p class="totop"><a href="#summary">back to summary</a></p><h3 id="m71">testCases.Validate_Limits#Login</h3><table class="result"></table><p class="totop"><a href="#summary">back to summary</a></p><h3 id="m72">testCases.Validate_Limits#NavigateToPersonalDetailsPage</h3><table class="result"></table><p class="totop"><a href="#summary">back to summary</a></p><h2>CheckLinks</h2><h3 id="m73">testCases.Validate_Links#verify_allLinks</h3><table class="result"></table><p class="totop"><a href="#summary">back to summary</a></p><h2>ValidateSelfExclusionInput</h2><h3 id="m74">testCases.Validate_SelfExclusionPage#Login</h3><table class="result"><tr><th>Exception</th></tr><tr><td><div class="stacktrace">org.openqa.selenium.WebDriverException: unknown error: Element is not clickable at point (902, 18). Other element would receive the click: &lt;div&gt;...&lt;/div&gt;
  (Session info: chrome=49.0.2623.75)
  (Driver info: chromedriver=2.22.397929 (fb72fb249a903a0b1041ea71eb4c8b3fa0d9be5a),platform=Mac OS X 10.8.5 x86_64) (WARNING: The server did not provide any stacktrace information)
Command duration or timeout: 43 milliseconds
Build info: version: &apos;2.53.0&apos;, revision: &apos;35ae25b&apos;, time: &apos;2016-03-15 17:00:58&apos;
System info: host: &apos;mac-185-12-15-111.browserstack.com&apos;, ip: &apos;185.12.15.111&apos;, os.name: &apos;Mac OS X&apos;, os.arch: &apos;x86_64&apos;, os.version: &apos;10.8.5&apos;, java.version: &apos;1.8.0_51&apos;
Driver info: org.openqa.selenium.chrome.ChromeDriver
Capabilities [{applicationCacheEnabled=false, rotatable=false, mobileEmulationEnabled=false, chrome={chromedriverVersion=2.22.397929 (fb72fb249a903a0b1041ea71eb4c8b3fa0d9be5a), userDataDir=/var/folders/p7/6ymv7981107c8f230k6pr_zw0000gp/T/.org.chromium.Chromium.q67Nvb}, takesHeapSnapshot=true, databaseEnabled=false, handlesAlerts=true, hasTouchScreen=false, version=49.0.2623.75, platform=MAC, browserConnectionEnabled=false, nativeEvents=true, acceptSslCerts=true, locationContextEnabled=true, webStorageEnabled=true, browserName=chrome, takesScreenshot=true, javascriptEnabled=true, cssSelectorsEnabled=true}]
Session ID: 00ddd7af1d55a005a48c5c6e9e3a1693
Command duration or timeout: 332 milliseconds
	at org.openqa.selenium.remote.ErrorHandler.createThrowable(ErrorHandler.java:216)
	at org.openqa.selenium.remote.ErrorHandler.throwIfResponseFailed(ErrorHandler.java:168)
	at org.openqa.selenium.remote.RemoteWebDriver.execute(RemoteWebDriver.java:635)
	at org.openqa.selenium.remote.RemoteWebElement.execute(RemoteWebElement.java:274)
	at org.openqa.selenium.remote.RemoteWebElement.click(RemoteWebElement.java:84)
	at appModules.Navigation_Action.Navigate_To_LoginPage(Navigation_Action.java:32)
	at testCases.Validate_SelfExclusionPage.Login(Validate_SelfExclusionPage.java:12)
Caused by: org.openqa.selenium.WebDriverException: unknown error: Element is not clickable at point (902, 18). Other element would receive the click: &lt;div&gt;...&lt;/div&gt;
  (Session info: chrome=49.0.2623.75)
  (Driver info: chromedriver=2.22.397929 (fb72fb249a903a0b1041ea71eb4c8b3fa0d9be5a),platform=Mac OS X 10.8.5 x86_64) (WARNING: The server did not provide any stacktrace information)
Command duration or timeout: 43 milliseconds
Build info: version: &apos;2.53.0&apos;, revision: &apos;35ae25b&apos;, time: &apos;2016-03-15 17:00:58&apos;
System info: host: &apos;mac-185-12-15-111.browserstack.com&apos;, ip: &apos;185.12.15.111&apos;, os.name: &apos;Mac OS X&apos;, os.arch: &apos;x86_64&apos;, os.version: &apos;10.8.5&apos;, java.version: &apos;1.8.0_51&apos;
Driver info: org.openqa.selenium.chrome.ChromeDriver
Capabilities [{applicationCacheEnabled=false, rotatable=false, mobileEmulationEnabled=false, chrome={chromedriverVersion=2.22.397929 (fb72fb249a903a0b1041ea71eb4c8b3fa0d9be5a), userDataDir=/var/folders/p7/6ymv7981107c8f230k6pr_zw0000gp/T/.org.chromium.Chromium.q67Nvb}, takesHeapSnapshot=true, databaseEnabled=false, handlesAlerts=true, hasTouchScreen=false, version=49.0.2623.75, platform=MAC, browserConnectionEnabled=false, nativeEvents=true, acceptSslCerts=true, locationContextEnabled=true, webStorageEnabled=true, browserName=chrome, takesScreenshot=true, javascriptEnabled=true, cssSelectorsEnabled=true}]
Session ID: 00ddd7af1d55a005a48c5c6e9e3a1693
Build info: version: &apos;3.1.0&apos;, revision: &apos;b94c902&apos;, time: &apos;2017-02-16 12:21:31 -0800&apos;
System info: host: &apos;ehtesham-HP-ProBook-4540s&apos;, ip: &apos;127.0.1.1&apos;, os.name: &apos;Linux&apos;, os.arch: &apos;amd64&apos;, os.version: &apos;4.4.0-75-generic&apos;, java.version: &apos;1.8.0_131&apos;
Driver info: driver.version: RemoteWebDriver
	at org.openqa.selenium.remote.ErrorHandler.createThrowable(ErrorHandler.java:206)
	at org.openqa.selenium.remote.ErrorHandler.throwIfResponseFailed(ErrorHandler.java:158)
	at org.openqa.selenium.remote.RemoteWebDriver.execute(RemoteWebDriver.java:678)
	at org.openqa.selenium.remote.RemoteWebElement.execute(RemoteWebElement.java:327)
	at org.openqa.selenium.remote.RemoteWebElement.click(RemoteWebElement.java:85)
	at org.openqa.selenium.support.events.EventFiringWebDriver$EventFiringWebElement$1.invoke(EventFiringWebDriver.java:335)
	at com.sun.proxy.$Proxy2.click(Unknown Source)
	at org.openqa.selenium.support.events.EventFiringWebDriver$EventFiringWebElement.click(EventFiringWebDriver.java:348)
	at org.openqa.selenium.remote.server.KnownElements$1.invoke(KnownElements.java:64)
	at com.sun.proxy.$Proxy3.click(Unknown Source)
	at org.openqa.selenium.remote.server.handler.ClickElement.call(ClickElement.java:30)
	at org.openqa.selenium.remote.server.handler.ClickElement.call(ClickElement.java:1)
	at java.util.concurrent.FutureTask.run(FutureTask.java:266)
	at org.openqa.selenium.remote.server.DefaultSession$1.run(DefaultSession.java:176)
	at java.util.concurrent.ThreadPoolExecutor.runWorker(ThreadPoolExecutor.java:1142)
	at java.util.concurrent.ThreadPoolExecutor$Worker.run(ThreadPoolExecutor.java:617)
	at java.lang.Thread.run(Thread.java:745)
... Removed 41 stack frames</div></td></tr></table><p class="totop"><a href="#summary">back to summary</a></p><h3 id="m75">testCases.Validate_SelfExclusionPage#NavigateToSelfExclusionPage</h3><table class="result"><tr><th>Exception</th></tr><tr><td><div class="stacktrace">org.openqa.selenium.TimeoutException: Expected condition failed: waiting for element to be clickable: By.xpath: .//*[@id=&apos;main-account&apos;]/li/a/div[2] (tried for 30 second(s) with 500 MILLISECONDS interval)
Build info: version: &apos;3.1.0&apos;, revision: &apos;b94c902&apos;, time: &apos;2017-02-16 12:21:31 -0800&apos;
System info: host: &apos;ehtesham-HP-ProBook-4540s&apos;, ip: &apos;127.0.1.1&apos;, os.name: &apos;Linux&apos;, os.arch: &apos;amd64&apos;, os.version: &apos;4.4.0-75-generic&apos;, java.version: &apos;1.8.0_131&apos;
Driver info: org.openqa.selenium.remote.RemoteWebDriver
Capabilities [{applicationCacheEnabled=false, rotatable=false, mobileEmulationEnabled=false, chrome={chromedriverVersion=2.22.397929 (fb72fb249a903a0b1041ea71eb4c8b3fa0d9be5a), userDataDir=/var/folders/p7/6ymv7981107c8f230k6pr_zw0000gp/T/.org.chromium.Chromium.q67Nvb}, takesHeapSnapshot=true, databaseEnabled=false, handlesAlerts=true, hasTouchScreen=false, version=49.0.2623.75, platform=MAC, browserConnectionEnabled=false, nativeEvents=true, acceptSslCerts=true, webdriver.remote.sessionid=26fbdc8fa5187d272693c6454d68d9aa1bb41fb3, locationContextEnabled=true, webStorageEnabled=true, browserName=chrome, takesScreenshot=true, javascriptEnabled=true, cssSelectorsEnabled=true}]
Session ID: 26fbdc8fa5187d272693c6454d68d9aa1bb41fb3
	at org.openqa.selenium.support.ui.WebDriverWait.timeoutException(WebDriverWait.java:80)
	at org.openqa.selenium.support.ui.FluentWait.until(FluentWait.java:257)
	at utility.CommonFunctions.FindElementWithExplicitWait(CommonFunctions.java:32)
	at pageObjects.MainAccount_Menu.link_MainAccount(MainAccount_Menu.java:32)
	at appModules.Navigation_Action.Navigate_To_SelfExclusionPage_ValidateInput(Navigation_Action.java:109)
	at testCases.Validate_SelfExclusionPage.NavigateToSelfExclusionPage(Validate_SelfExclusionPage.java:18)
... Removed 25 stack frames</div></td></tr></table><p class="totop"><a href="#summary">back to summary</a></p><h3 id="m76">testCases.Validate_SelfExclusionPage#TestRequiredFieldDate</h3><table class="result"><tr><th>Exception</th></tr><tr><td><div class="stacktrace">org.openqa.selenium.TimeoutException: Expected condition failed: waiting for element to be clickable: By.id: timeout_until_date (tried for 30 second(s) with 500 MILLISECONDS interval)
	at org.openqa.selenium.support.ui.WebDriverWait.timeoutException(WebDriverWait.java:80)
	at org.openqa.selenium.support.ui.FluentWait.until(FluentWait.java:257)
	at utility.CommonFunctions.FindElementWithExplicitWait(CommonFunctions.java:32)
	at pageObjects.SelfExclusionPage.date_TimeOutUntilDate(SelfExclusionPage.java:72)
	at appModules.SetSelfExclusionPage_Action.testRequiredFieldDate(SetSelfExclusionPage_Action.java:88)
	at testCases.Validate_SelfExclusionPage.TestRequiredFieldDate(Validate_SelfExclusionPage.java:28)
Caused by: org.openqa.selenium.NoSuchElementException: Cannot locate an element using By.id: timeout_until_date
For documentation on this error, please visit: http://seleniumhq.org/exceptions/no_such_element.html
Build info: version: &apos;3.1.0&apos;, revision: &apos;b94c902&apos;, time: &apos;2017-02-16 12:21:31 -0800&apos;
System info: host: &apos;ehtesham-HP-ProBook-4540s&apos;, ip: &apos;127.0.1.1&apos;, os.name: &apos;Linux&apos;, os.arch: &apos;amd64&apos;, os.version: &apos;4.4.0-75-generic&apos;, java.version: &apos;1.8.0_131&apos;
Driver info: driver.version: unknown
	at org.openqa.selenium.support.ui.ExpectedConditions.lambda$findElement$0(ExpectedConditions.java:896)
	at java.util.Optional.orElseThrow(Optional.java:290)
	at org.openqa.selenium.support.ui.ExpectedConditions.findElement(ExpectedConditions.java:895)
	at org.openqa.selenium.support.ui.ExpectedConditions.access$000(ExpectedConditions.java:41)
	at org.openqa.selenium.support.ui.ExpectedConditions$7.apply(ExpectedConditions.java:205)
	at org.openqa.selenium.support.ui.ExpectedConditions$7.apply(ExpectedConditions.java:201)
	at org.openqa.selenium.support.ui.ExpectedConditions$22.apply(ExpectedConditions.java:651)
	at org.openqa.selenium.support.ui.ExpectedConditions$22.apply(ExpectedConditions.java:644)
	at org.openqa.selenium.support.ui.FluentWait.until(FluentWait.java:234)
	... 29 more
... Removed 25 stack frames</div></td></tr></table><p class="totop"><a href="#summary">back to summary</a></p><h3 id="m77">testCases.Validate_SelfExclusionPage#TestValidNumber</h3><table class="result"><tr><th>Exception</th></tr><tr><td><div class="stacktrace">org.openqa.selenium.TimeoutException: Expected condition failed: waiting for element to be clickable: By.id: max_balance (tried for 30 second(s) with 500 MILLISECONDS interval)
	at org.openqa.selenium.support.ui.WebDriverWait.timeoutException(WebDriverWait.java:80)
	at org.openqa.selenium.support.ui.FluentWait.until(FluentWait.java:257)
	at utility.CommonFunctions.FindElementWithExplicitWait(CommonFunctions.java:32)
	at pageObjects.SelfExclusionPage.input_MaxBalance(SelfExclusionPage.java:18)
	at appModules.SetSelfExclusionPage_Action.testValidNumber(SetSelfExclusionPage_Action.java:18)
	at testCases.Validate_SelfExclusionPage.TestValidNumber(Validate_SelfExclusionPage.java:23)
Caused by: org.openqa.selenium.NoSuchElementException: Cannot locate an element using By.id: max_balance
For documentation on this error, please visit: http://seleniumhq.org/exceptions/no_such_element.html
Build info: version: &apos;3.1.0&apos;, revision: &apos;b94c902&apos;, time: &apos;2017-02-16 12:21:31 -0800&apos;
System info: host: &apos;ehtesham-HP-ProBook-4540s&apos;, ip: &apos;127.0.1.1&apos;, os.name: &apos;Linux&apos;, os.arch: &apos;amd64&apos;, os.version: &apos;4.4.0-75-generic&apos;, java.version: &apos;1.8.0_131&apos;
Driver info: driver.version: unknown
	at org.openqa.selenium.support.ui.ExpectedConditions.lambda$findElement$0(ExpectedConditions.java:896)
	at java.util.Optional.orElseThrow(Optional.java:290)
	at org.openqa.selenium.support.ui.ExpectedConditions.findElement(ExpectedConditions.java:895)
	at org.openqa.selenium.support.ui.ExpectedConditions.access$000(ExpectedConditions.java:41)
	at org.openqa.selenium.support.ui.ExpectedConditions$7.apply(ExpectedConditions.java:205)
	at org.openqa.selenium.support.ui.ExpectedConditions$7.apply(ExpectedConditions.java:201)
	at org.openqa.selenium.support.ui.ExpectedConditions$22.apply(ExpectedConditions.java:651)
	at org.openqa.selenium.support.ui.ExpectedConditions$22.apply(ExpectedConditions.java:644)
	at org.openqa.selenium.support.ui.FluentWait.until(FluentWait.java:234)
	... 29 more
... Removed 25 stack frames</div></td></tr></table><p class="totop"><a href="#summary">back to summary</a></p><h3 id="m78">testCases.Validate_SelfExclusionPage#Refresh</h3><table class="result"></table><p class="totop"><a href="#summary">back to summary</a></p><h2>CheckAuthorisedApplication</h2><h3 id="m79">testCases.Validate_AuthorisedApplications#checkReviewPage</h3><table class="result"><tr><th>Exception</th></tr><tr><td><div class="stacktrace">org.openqa.selenium.TimeoutException: Expected condition failed: waiting for element to be clickable: By.xpath: //*[@id=&apos;wrapper&apos;]/div[2]/h1 (tried for 30 second(s) with 500 MILLISECONDS interval)
	at org.openqa.selenium.support.ui.WebDriverWait.timeoutException(WebDriverWait.java:80)
	at org.openqa.selenium.support.ui.FluentWait.until(FluentWait.java:257)
	at utility.CommonFunctions.FindElementWithExplicitWait(CommonFunctions.java:32)
	at pageObjects.AuthorisedApplications_page.review_title(AuthorisedApplications_page.java:49)
	at appModules.AuthorisedApplications_Action.reviewPage(AuthorisedApplications_Action.java:23)
	at testCases.Validate_AuthorisedApplications.checkReviewPage(Validate_AuthorisedApplications.java:43)
Caused by: org.openqa.selenium.NoSuchElementException: Cannot locate an element using By.xpath: //*[@id=&apos;wrapper&apos;]/div[2]/h1
For documentation on this error, please visit: http://seleniumhq.org/exceptions/no_such_element.html
Build info: version: &apos;3.1.0&apos;, revision: &apos;b94c902&apos;, time: &apos;2017-02-16 12:21:31 -0800&apos;
System info: host: &apos;ehtesham-HP-ProBook-4540s&apos;, ip: &apos;127.0.1.1&apos;, os.name: &apos;Linux&apos;, os.arch: &apos;amd64&apos;, os.version: &apos;4.4.0-75-generic&apos;, java.version: &apos;1.8.0_131&apos;
Driver info: driver.version: unknown
	at org.openqa.selenium.support.ui.ExpectedConditions.lambda$findElement$0(ExpectedConditions.java:896)
	at java.util.Optional.orElseThrow(Optional.java:290)
	at org.openqa.selenium.support.ui.ExpectedConditions.findElement(ExpectedConditions.java:895)
	at org.openqa.selenium.support.ui.ExpectedConditions.access$000(ExpectedConditions.java:41)
	at org.openqa.selenium.support.ui.ExpectedConditions$7.apply(ExpectedConditions.java:205)
	at org.openqa.selenium.support.ui.ExpectedConditions$7.apply(ExpectedConditions.java:201)
	at org.openqa.selenium.support.ui.ExpectedConditions$22.apply(ExpectedConditions.java:651)
	at org.openqa.selenium.support.ui.ExpectedConditions$22.apply(ExpectedConditions.java:644)
	at org.openqa.selenium.support.ui.FluentWait.until(FluentWait.java:234)
	... 29 more
... Removed 25 stack frames</div></td></tr></table><p class="totop"><a href="#summary">back to summary</a></p><h3 id="m80">testCases.Validate_AuthorisedApplications#grant</h3><table class="result"><tr><th>Exception</th></tr><tr><td><div class="stacktrace">org.openqa.selenium.TimeoutException: Expected condition failed: waiting for element to be clickable: By.xpath: //*[@id=&apos;wrapper&apos;]/div[2]/form/div/button[1] (tried for 30 second(s) with 500 MILLISECONDS interval)
	at org.openqa.selenium.support.ui.WebDriverWait.timeoutException(WebDriverWait.java:80)
	at org.openqa.selenium.support.ui.FluentWait.until(FluentWait.java:257)
	at utility.CommonFunctions.FindElementWithExplicitWait(CommonFunctions.java:32)
	at pageObjects.AuthorisedApplications_page.grant_btn(AuthorisedApplications_page.java:61)
	at appModules.AuthorisedApplications_Action.grantPermission(AuthorisedApplications_Action.java:32)
	at testCases.Validate_AuthorisedApplications.grant(Validate_AuthorisedApplications.java:54)
Caused by: org.openqa.selenium.NoSuchElementException: Cannot locate an element using By.xpath: //*[@id=&apos;wrapper&apos;]/div[2]/form/div/button[1]
For documentation on this error, please visit: http://seleniumhq.org/exceptions/no_such_element.html
Build info: version: &apos;3.1.0&apos;, revision: &apos;b94c902&apos;, time: &apos;2017-02-16 12:21:31 -0800&apos;
System info: host: &apos;ehtesham-HP-ProBook-4540s&apos;, ip: &apos;127.0.1.1&apos;, os.name: &apos;Linux&apos;, os.arch: &apos;amd64&apos;, os.version: &apos;4.4.0-75-generic&apos;, java.version: &apos;1.8.0_131&apos;
Driver info: driver.version: unknown
	at org.openqa.selenium.support.ui.ExpectedConditions.lambda$findElement$0(ExpectedConditions.java:896)
	at java.util.Optional.orElseThrow(Optional.java:290)
	at org.openqa.selenium.support.ui.ExpectedConditions.findElement(ExpectedConditions.java:895)
	at org.openqa.selenium.support.ui.ExpectedConditions.access$000(ExpectedConditions.java:41)
	at org.openqa.selenium.support.ui.ExpectedConditions$7.apply(ExpectedConditions.java:205)
	at org.openqa.selenium.support.ui.ExpectedConditions$7.apply(ExpectedConditions.java:201)
	at org.openqa.selenium.support.ui.ExpectedConditions$22.apply(ExpectedConditions.java:651)
	at org.openqa.selenium.support.ui.ExpectedConditions$22.apply(ExpectedConditions.java:644)
	at org.openqa.selenium.support.ui.FluentWait.until(FluentWait.java:234)
	... 29 more
... Removed 25 stack frames</div></td></tr></table><p class="totop"><a href="#summary">back to summary</a></p><h3 id="m81">testCases.Validate_AuthorisedApplications#login</h3><table class="result"><tr><th>Exception</th></tr><tr><td><div class="stacktrace">org.openqa.selenium.TimeoutException: Expected condition failed: waiting for element to be clickable: By.id: btn_login (tried for 30 second(s) with 500 MILLISECONDS interval)
Build info: version: &apos;3.1.0&apos;, revision: &apos;b94c902&apos;, time: &apos;2017-02-16 12:21:31 -0800&apos;
System info: host: &apos;ehtesham-HP-ProBook-4540s&apos;, ip: &apos;127.0.1.1&apos;, os.name: &apos;Linux&apos;, os.arch: &apos;amd64&apos;, os.version: &apos;4.4.0-75-generic&apos;, java.version: &apos;1.8.0_131&apos;
Driver info: org.openqa.selenium.remote.RemoteWebDriver
Capabilities [{applicationCacheEnabled=false, rotatable=false, mobileEmulationEnabled=false, networkConnectionEnabled=false, chrome={chromedriverVersion=2.30.477700 (0057494ad8732195794a7b32078424f92a5fce41), userDataDir=C:\Users\hello\AppData\Local\Temp\scoped_dir3884_27667}, takesHeapSnapshot=true, pageLoadStrategy=normal, databaseEnabled=false, handlesAlerts=true, hasTouchScreen=false, version=59.0.3071.86, platform=WINDOWS, browserConnectionEnabled=false, nativeEvents=true, acceptSslCerts=true, locationContextEnabled=true, webStorageEnabled=true, browserName=chrome, takesScreenshot=true, javascriptEnabled=true, cssSelectorsEnabled=true, unexpectedAlertBehaviour=}]
Session ID: 14c558fee4ef7e5b0c2a86d5b8ce8f49ea95c99d
	at org.openqa.selenium.support.ui.WebDriverWait.timeoutException(WebDriverWait.java:80)
	at org.openqa.selenium.support.ui.FluentWait.until(FluentWait.java:257)
	at utility.CommonFunctions.FindElementWithExplicitWait(CommonFunctions.java:32)
	at pageObjects.Home_Page.btn_Login(Home_Page.java:13)
	at appModules.Navigation_Action.Navigate_To_LoginPage(Navigation_Action.java:32)
	at testCases.Validate_AuthorisedApplications.login(Validate_AuthorisedApplications.java:38)
... Removed 25 stack frames</div></td></tr></table><p class="totop"><a href="#summary">back to summary</a></p><h3 id="m82">testCases.Validate_AuthorisedApplications#reject</h3><table class="result"><tr><th>Exception</th></tr><tr><td><div class="stacktrace">org.openqa.selenium.TimeoutException: Expected condition failed: waiting for element to be clickable: By.xpath: //*[@id=&apos;wrapper&apos;]/div[2]/form/div/button[2] (tried for 30 second(s) with 500 MILLISECONDS interval)
	at org.openqa.selenium.support.ui.WebDriverWait.timeoutException(WebDriverWait.java:80)
	at org.openqa.selenium.support.ui.FluentWait.until(FluentWait.java:257)
	at utility.CommonFunctions.FindElementWithExplicitWait(CommonFunctions.java:32)
	at pageObjects.AuthorisedApplications_page.cancel_btn(AuthorisedApplications_page.java:67)
	at appModules.AuthorisedApplications_Action.cancelPermission(AuthorisedApplications_Action.java:28)
	at testCases.Validate_AuthorisedApplications.reject(Validate_AuthorisedApplications.java:48)
Caused by: org.openqa.selenium.NoSuchElementException: Cannot locate an element using By.xpath: //*[@id=&apos;wrapper&apos;]/div[2]/form/div/button[2]
For documentation on this error, please visit: http://seleniumhq.org/exceptions/no_such_element.html
Build info: version: &apos;3.1.0&apos;, revision: &apos;b94c902&apos;, time: &apos;2017-02-16 12:21:31 -0800&apos;
System info: host: &apos;ehtesham-HP-ProBook-4540s&apos;, ip: &apos;127.0.1.1&apos;, os.name: &apos;Linux&apos;, os.arch: &apos;amd64&apos;, os.version: &apos;4.4.0-75-generic&apos;, java.version: &apos;1.8.0_131&apos;
Driver info: driver.version: unknown
	at org.openqa.selenium.support.ui.ExpectedConditions.lambda$findElement$0(ExpectedConditions.java:896)
	at java.util.Optional.orElseThrow(Optional.java:290)
	at org.openqa.selenium.support.ui.ExpectedConditions.findElement(ExpectedConditions.java:895)
	at org.openqa.selenium.support.ui.ExpectedConditions.access$000(ExpectedConditions.java:41)
	at org.openqa.selenium.support.ui.ExpectedConditions$7.apply(ExpectedConditions.java:205)
	at org.openqa.selenium.support.ui.ExpectedConditions$7.apply(ExpectedConditions.java:201)
	at org.openqa.selenium.support.ui.ExpectedConditions$22.apply(ExpectedConditions.java:651)
	at org.openqa.selenium.support.ui.ExpectedConditions$22.apply(ExpectedConditions.java:644)
	at org.openqa.selenium.support.ui.FluentWait.until(FluentWait.java:234)
	... 29 more
... Removed 25 stack frames</div></td></tr></table><p class="totop"><a href="#summary">back to summary</a></p><h3 id="m83">testCases.Validate_AuthorisedApplications#CheckPageLoad</h3><table class="result"></table><p class="totop"><a href="#summary">back to summary</a></p><h3 id="m84">testCases.Validate_AuthorisedApplications#Login</h3><table class="result"></table><p class="totop"><a href="#summary">back to summary</a></p><h3 id="m85">testCases.Validate_AuthorisedApplications#NavigateToAuthorisedAppsPage</h3><table class="result"></table><p class="totop"><a href="#summary">back to summary</a></p><h3 id="m86">testCases.Validate_AuthorisedApplications#revoke_authapps</h3><table class="result"></table><p class="totop"><a href="#summary">back to summary</a></p><h2>checkTokenAPI</h2><h3 id="m87">testCases.Validate_APITokenPage#AddNewToken</h3><table class="result"></table><p class="totop"><a href="#summary">back to summary</a></p><h3 id="m88">testCases.Validate_APITokenPage#CheckInvalidName</h3><table class="result"></table><p class="totop"><a href="#summary">back to summary</a></p><h3 id="m89">testCases.Validate_APITokenPage#CheckMinChar</h3><table class="result"></table><p class="totop"><a href="#summary">back to summary</a></p><h3 id="m90">testCases.Validate_APITokenPage#CheckPageLoad</h3><table class="result"></table><p class="totop"><a href="#summary">back to summary</a></p><h3 id="m91">testCases.Validate_APITokenPage#CheckScopeValidation</h3><table class="result"></table><p class="totop"><a href="#summary">back to summary</a></p><h3 id="m92">testCases.Validate_APITokenPage#DeleteToken</h3><table class="result"></table><p class="totop"><a href="#summary">back to summary</a></p><h3 id="m93">testCases.Validate_APITokenPage#DuplicateName</h3><table class="result"></table><p class="totop"><a href="#summary">back to summary</a></p><h3 id="m94">testCases.Validate_APITokenPage#Login</h3><table class="result"></table><p class="totop"><a href="#summary">back to summary</a></p><h3 id="m95">testCases.Validate_APITokenPage#NavigateToAPITokenPage</h3><table class="result"></table><p class="totop"><a href="#summary">back to summary</a></p><h2>ValidateLostPassword</h2><h3 id="m96">testCases.Validate_LostPassword#linkRetry</h3><table class="result"><tr><th>Exception</th></tr><tr><td><div class="stacktrace">org.openqa.selenium.TimeoutException: Expected condition failed: waiting for element to be clickable: By.xpath: //*[text() = &apos;Click here to retry&apos;] (tried for 30 second(s) with 500 MILLISECONDS interval)
	at org.openqa.selenium.support.ui.WebDriverWait.timeoutException(WebDriverWait.java:80)
	at org.openqa.selenium.support.ui.FluentWait.until(FluentWait.java:257)
	at utility.CommonFunctions.FindElementWithExplicitWait(CommonFunctions.java:32)
	at pageObjects.ResetPassword_Page.link_retry(ResetPassword_Page.java:78)
	at testCases.Validate_LostPassword.linkRetry(Validate_LostPassword.java:100)
Caused by: org.openqa.selenium.NoSuchElementException: Cannot locate an element using By.xpath: //*[text() = &apos;Click here to retry&apos;]
For documentation on this error, please visit: http://seleniumhq.org/exceptions/no_such_element.html
Build info: version: &apos;3.1.0&apos;, revision: &apos;b94c902&apos;, time: &apos;2017-02-16 12:21:31 -0800&apos;
System info: host: &apos;ehtesham-HP-ProBook-4540s&apos;, ip: &apos;127.0.1.1&apos;, os.name: &apos;Linux&apos;, os.arch: &apos;amd64&apos;, os.version: &apos;4.4.0-75-generic&apos;, java.version: &apos;1.8.0_131&apos;
Driver info: driver.version: unknown
	at org.openqa.selenium.support.ui.ExpectedConditions.lambda$findElement$0(ExpectedConditions.java:896)
	at java.util.Optional.orElseThrow(Optional.java:290)
	at org.openqa.selenium.support.ui.ExpectedConditions.findElement(ExpectedConditions.java:895)
	at org.openqa.selenium.support.ui.ExpectedConditions.access$000(ExpectedConditions.java:41)
	at org.openqa.selenium.support.ui.ExpectedConditions$7.apply(ExpectedConditions.java:205)
	at org.openqa.selenium.support.ui.ExpectedConditions$7.apply(ExpectedConditions.java:201)
	at org.openqa.selenium.support.ui.ExpectedConditions$22.apply(ExpectedConditions.java:651)
	at org.openqa.selenium.support.ui.ExpectedConditions$22.apply(ExpectedConditions.java:644)
	at org.openqa.selenium.support.ui.FluentWait.until(FluentWait.java:234)
	... 28 more
... Removed 25 stack frames</div></td></tr></table><p class="totop"><a href="#summary">back to summary</a></p><h3 id="m97">testCases.Validate_LostPassword#resetEmailPage</h3><table class="result"><tr><th>Exception</th></tr><tr><td><div class="stacktrace">org.openqa.selenium.TimeoutException: Expected condition failed: waiting for element to be clickable: By.xpath: //*[text() = &apos;Click here to retry&apos;] (tried for 30 second(s) with 500 MILLISECONDS interval)
	at org.openqa.selenium.support.ui.WebDriverWait.timeoutException(WebDriverWait.java:80)
	at org.openqa.selenium.support.ui.FluentWait.until(FluentWait.java:257)
	at utility.CommonFunctions.FindElementWithExplicitWait(CommonFunctions.java:32)
	at pageObjects.ResetPassword_Page.link_retry(ResetPassword_Page.java:78)
	at testCases.Validate_LostPassword.resetEmailPage(Validate_LostPassword.java:107)
Caused by: org.openqa.selenium.NoSuchElementException: Cannot locate an element using By.xpath: //*[text() = &apos;Click here to retry&apos;]
For documentation on this error, please visit: http://seleniumhq.org/exceptions/no_such_element.html
Build info: version: &apos;3.1.0&apos;, revision: &apos;b94c902&apos;, time: &apos;2017-02-16 12:21:31 -0800&apos;
System info: host: &apos;ehtesham-HP-ProBook-4540s&apos;, ip: &apos;127.0.1.1&apos;, os.name: &apos;Linux&apos;, os.arch: &apos;amd64&apos;, os.version: &apos;4.4.0-75-generic&apos;, java.version: &apos;1.8.0_131&apos;
Driver info: driver.version: unknown
	at org.openqa.selenium.support.ui.ExpectedConditions.lambda$findElement$0(ExpectedConditions.java:896)
	at java.util.Optional.orElseThrow(Optional.java:290)
	at org.openqa.selenium.support.ui.ExpectedConditions.findElement(ExpectedConditions.java:895)
	at org.openqa.selenium.support.ui.ExpectedConditions.access$000(ExpectedConditions.java:41)
	at org.openqa.selenium.support.ui.ExpectedConditions$7.apply(ExpectedConditions.java:205)
	at org.openqa.selenium.support.ui.ExpectedConditions$7.apply(ExpectedConditions.java:201)
	at org.openqa.selenium.support.ui.ExpectedConditions$22.apply(ExpectedConditions.java:651)
	at org.openqa.selenium.support.ui.ExpectedConditions$22.apply(ExpectedConditions.java:644)
	at org.openqa.selenium.support.ui.FluentWait.until(FluentWait.java:234)
	... 28 more
... Removed 25 stack frames</div></td></tr></table><p class="totop"><a href="#summary">back to summary</a></p><h3 id="m98">testCases.Validate_LostPassword#resetPassword</h3><table class="result"><tr><th>Exception</th></tr><tr><td><div class="stacktrace">org.openqa.selenium.TimeoutException: Expected condition failed: waiting for element to be clickable: By.id: verification_code (tried for 30 second(s) with 500 MILLISECONDS interval)
	at org.openqa.selenium.support.ui.WebDriverWait.timeoutException(WebDriverWait.java:80)
	at org.openqa.selenium.support.ui.FluentWait.until(FluentWait.java:257)
	at utility.CommonFunctions.FindElementWithExplicitWait(CommonFunctions.java:32)
	at pageObjects.ResetPassword_Page.txt_Verification(ResetPassword_Page.java:15)
	at appModules.LostPassword_Action.shortToken(LostPassword_Action.java:48)
	at testCases.Validate_LostPassword.resetPassword(Validate_LostPassword.java:91)
Caused by: org.openqa.selenium.NoSuchElementException: Cannot locate an element using By.id: verification_code
For documentation on this error, please visit: http://seleniumhq.org/exceptions/no_such_element.html
Build info: version: &apos;3.1.0&apos;, revision: &apos;b94c902&apos;, time: &apos;2017-02-16 12:21:31 -0800&apos;
System info: host: &apos;ehtesham-HP-ProBook-4540s&apos;, ip: &apos;127.0.1.1&apos;, os.name: &apos;Linux&apos;, os.arch: &apos;amd64&apos;, os.version: &apos;4.4.0-75-generic&apos;, java.version: &apos;1.8.0_131&apos;
Driver info: driver.version: unknown
	at org.openqa.selenium.support.ui.ExpectedConditions.lambda$findElement$0(ExpectedConditions.java:896)
	at java.util.Optional.orElseThrow(Optional.java:290)
	at org.openqa.selenium.support.ui.ExpectedConditions.findElement(ExpectedConditions.java:895)
	at org.openqa.selenium.support.ui.ExpectedConditions.access$000(ExpectedConditions.java:41)
	at org.openqa.selenium.support.ui.ExpectedConditions$7.apply(ExpectedConditions.java:205)
	at org.openqa.selenium.support.ui.ExpectedConditions$7.apply(ExpectedConditions.java:201)
	at org.openqa.selenium.support.ui.ExpectedConditions$22.apply(ExpectedConditions.java:651)
	at org.openqa.selenium.support.ui.ExpectedConditions$22.apply(ExpectedConditions.java:644)
	at org.openqa.selenium.support.ui.FluentWait.until(FluentWait.java:234)
	... 29 more
... Removed 25 stack frames</div></td></tr></table><p class="totop"><a href="#summary">back to summary</a></p><h3 id="m99">testCases.Validate_LostPassword#setDOB</h3><table class="result"><tr><th>Exception</th></tr><tr><td><div class="stacktrace">org.openqa.selenium.TimeoutException: Expected condition failed: waiting for element to be clickable: By.id: have_real_account (tried for 30 second(s) with 500 MILLISECONDS interval)
	at org.openqa.selenium.support.ui.WebDriverWait.timeoutException(WebDriverWait.java:80)
	at org.openqa.selenium.support.ui.FluentWait.until(FluentWait.java:257)
	at utility.CommonFunctions.FindElementWithExplicitWait(CommonFunctions.java:32)
	at pageObjects.ResetPassword_Page.checkbox_RealAccount(ResetPassword_Page.java:36)
	at testCases.Validate_LostPassword.setDOB(Validate_LostPassword.java:83)
Caused by: org.openqa.selenium.NoSuchElementException: Cannot locate an element using By.id: have_real_account
For documentation on this error, please visit: http://seleniumhq.org/exceptions/no_such_element.html
Build info: version: &apos;3.1.0&apos;, revision: &apos;b94c902&apos;, time: &apos;2017-02-16 12:21:31 -0800&apos;
System info: host: &apos;ehtesham-HP-ProBook-4540s&apos;, ip: &apos;127.0.1.1&apos;, os.name: &apos;Linux&apos;, os.arch: &apos;amd64&apos;, os.version: &apos;4.4.0-75-generic&apos;, java.version: &apos;1.8.0_131&apos;
Driver info: driver.version: unknown
	at org.openqa.selenium.support.ui.ExpectedConditions.lambda$findElement$0(ExpectedConditions.java:896)
	at java.util.Optional.orElseThrow(Optional.java:290)
	at org.openqa.selenium.support.ui.ExpectedConditions.findElement(ExpectedConditions.java:895)
	at org.openqa.selenium.support.ui.ExpectedConditions.access$000(ExpectedConditions.java:41)
	at org.openqa.selenium.support.ui.ExpectedConditions$7.apply(ExpectedConditions.java:205)
	at org.openqa.selenium.support.ui.ExpectedConditions$7.apply(ExpectedConditions.java:201)
	at org.openqa.selenium.support.ui.ExpectedConditions$22.apply(ExpectedConditions.java:651)
	at org.openqa.selenium.support.ui.ExpectedConditions$22.apply(ExpectedConditions.java:644)
	at org.openqa.selenium.support.ui.FluentWait.until(FluentWait.java:234)
	... 28 more
... Removed 25 stack frames</div></td></tr></table><p class="totop"><a href="#summary">back to summary</a></p><h3 id="m100">testCases.Validate_LostPassword#setEmail</h3><table class="result"><tr><th>Exception</th></tr><tr><td><div class="stacktrace">org.openqa.selenium.TimeoutException: Expected condition failed: waiting for element to be clickable: By.id: email (tried for 30 second(s) with 500 MILLISECONDS interval)
	at org.openqa.selenium.support.ui.WebDriverWait.timeoutException(WebDriverWait.java:80)
	at org.openqa.selenium.support.ui.FluentWait.until(FluentWait.java:257)
	at utility.CommonFunctions.FindElementWithExplicitWait(CommonFunctions.java:32)
	at pageObjects.LostPassword_Page.txt_Email(LostPassword_Page.java:14)
	at appModules.LostPassword_Action.executeEmail(LostPassword_Action.java:12)
	at testCases.Validate_LostPassword.setEmail(Validate_LostPassword.java:43)
Caused by: org.openqa.selenium.NoSuchElementException: Cannot locate an element using By.id: email
For documentation on this error, please visit: http://seleniumhq.org/exceptions/no_such_element.html
Build info: version: &apos;3.1.0&apos;, revision: &apos;b94c902&apos;, time: &apos;2017-02-16 12:21:31 -0800&apos;
System info: host: &apos;ehtesham-HP-ProBook-4540s&apos;, ip: &apos;127.0.1.1&apos;, os.name: &apos;Linux&apos;, os.arch: &apos;amd64&apos;, os.version: &apos;4.4.0-75-generic&apos;, java.version: &apos;1.8.0_131&apos;
Driver info: driver.version: unknown
	at org.openqa.selenium.support.ui.ExpectedConditions.lambda$findElement$0(ExpectedConditions.java:896)
	at java.util.Optional.orElseThrow(Optional.java:290)
	at org.openqa.selenium.support.ui.ExpectedConditions.findElement(ExpectedConditions.java:895)
	at org.openqa.selenium.support.ui.ExpectedConditions.access$000(ExpectedConditions.java:41)
	at org.openqa.selenium.support.ui.ExpectedConditions$7.apply(ExpectedConditions.java:205)
	at org.openqa.selenium.support.ui.ExpectedConditions$7.apply(ExpectedConditions.java:201)
	at org.openqa.selenium.support.ui.ExpectedConditions$22.apply(ExpectedConditions.java:651)
	at org.openqa.selenium.support.ui.ExpectedConditions$22.apply(ExpectedConditions.java:644)
	at org.openqa.selenium.support.ui.FluentWait.until(FluentWait.java:234)
	... 29 more
... Removed 25 stack frames</div></td></tr></table><p class="totop"><a href="#summary">back to summary</a></p><h3 id="m101">testCases.Validate_LostPassword#testEmailInvalid</h3><table class="result"><tr><th>Exception</th></tr><tr><td><div class="stacktrace">org.openqa.selenium.TimeoutException: Expected condition failed: waiting for element to be clickable: By.id: email (tried for 30 second(s) with 500 MILLISECONDS interval)
	at org.openqa.selenium.support.ui.WebDriverWait.timeoutException(WebDriverWait.java:80)
	at org.openqa.selenium.support.ui.FluentWait.until(FluentWait.java:257)
	at utility.CommonFunctions.FindElementWithExplicitWait(CommonFunctions.java:32)
	at pageObjects.LostPassword_Page.txt_Email(LostPassword_Page.java:14)
	at testCases.Validate_LostPassword.testEmailInvalid(Validate_LostPassword.java:32)
Caused by: org.openqa.selenium.NoSuchElementException: Cannot locate an element using By.id: email
For documentation on this error, please visit: http://seleniumhq.org/exceptions/no_such_element.html
Build info: version: &apos;3.1.0&apos;, revision: &apos;b94c902&apos;, time: &apos;2017-02-16 12:21:31 -0800&apos;
System info: host: &apos;ehtesham-HP-ProBook-4540s&apos;, ip: &apos;127.0.1.1&apos;, os.name: &apos;Linux&apos;, os.arch: &apos;amd64&apos;, os.version: &apos;4.4.0-75-generic&apos;, java.version: &apos;1.8.0_131&apos;
Driver info: driver.version: unknown
	at org.openqa.selenium.support.ui.ExpectedConditions.lambda$findElement$0(ExpectedConditions.java:896)
	at java.util.Optional.orElseThrow(Optional.java:290)
	at org.openqa.selenium.support.ui.ExpectedConditions.findElement(ExpectedConditions.java:895)
	at org.openqa.selenium.support.ui.ExpectedConditions.access$000(ExpectedConditions.java:41)
	at org.openqa.selenium.support.ui.ExpectedConditions$7.apply(ExpectedConditions.java:205)
	at org.openqa.selenium.support.ui.ExpectedConditions$7.apply(ExpectedConditions.java:201)
	at org.openqa.selenium.support.ui.ExpectedConditions$22.apply(ExpectedConditions.java:651)
	at org.openqa.selenium.support.ui.ExpectedConditions$22.apply(ExpectedConditions.java:644)
	at org.openqa.selenium.support.ui.FluentWait.until(FluentWait.java:234)
	... 28 more
... Removed 25 stack frames</div></td></tr></table><p class="totop"><a href="#summary">back to summary</a></p><h3 id="m102">testCases.Validate_LostPassword#testEmptyFields</h3><table class="result"><tr><th>Exception</th></tr><tr><td><div class="stacktrace">org.openqa.selenium.TimeoutException: Expected condition failed: waiting for element to be clickable: By.xpath: //*[text() = &apos;Reset Password&apos;] (tried for 30 second(s) with 500 MILLISECONDS interval)
	at org.openqa.selenium.support.ui.WebDriverWait.timeoutException(WebDriverWait.java:80)
	at org.openqa.selenium.support.ui.FluentWait.until(FluentWait.java:257)
	at utility.CommonFunctions.FindElementWithExplicitWait(CommonFunctions.java:32)
	at pageObjects.ResetPassword_Page.btn_Reset(ResetPassword_Page.java:43)
	at testCases.Validate_LostPassword.testEmptyFields(Validate_LostPassword.java:48)
Caused by: org.openqa.selenium.NoSuchElementException: Cannot locate an element using By.xpath: //*[text() = &apos;Reset Password&apos;]
For documentation on this error, please visit: http://seleniumhq.org/exceptions/no_such_element.html
Build info: version: &apos;3.1.0&apos;, revision: &apos;b94c902&apos;, time: &apos;2017-02-16 12:21:31 -0800&apos;
System info: host: &apos;ehtesham-HP-ProBook-4540s&apos;, ip: &apos;127.0.1.1&apos;, os.name: &apos;Linux&apos;, os.arch: &apos;amd64&apos;, os.version: &apos;4.4.0-75-generic&apos;, java.version: &apos;1.8.0_131&apos;
Driver info: driver.version: unknown
	at org.openqa.selenium.support.ui.ExpectedConditions.lambda$findElement$0(ExpectedConditions.java:896)
	at java.util.Optional.orElseThrow(Optional.java:290)
	at org.openqa.selenium.support.ui.ExpectedConditions.findElement(ExpectedConditions.java:895)
	at org.openqa.selenium.support.ui.ExpectedConditions.access$000(ExpectedConditions.java:41)
	at org.openqa.selenium.support.ui.ExpectedConditions$7.apply(ExpectedConditions.java:205)
	at org.openqa.selenium.support.ui.ExpectedConditions$7.apply(ExpectedConditions.java:201)
	at org.openqa.selenium.support.ui.ExpectedConditions$22.apply(ExpectedConditions.java:651)
	at org.openqa.selenium.support.ui.ExpectedConditions$22.apply(ExpectedConditions.java:644)
	at org.openqa.selenium.support.ui.FluentWait.until(FluentWait.java:234)
	... 28 more
... Removed 25 stack frames</div></td></tr></table><p class="totop"><a href="#summary">back to summary</a></p><h3 id="m103">testCases.Validate_LostPassword#testPasswordMatch</h3><table class="result"><tr><th>Exception</th></tr><tr><td><div class="stacktrace">org.openqa.selenium.TimeoutException: Expected condition failed: waiting for element to be clickable: By.id: new_password (tried for 30 second(s) with 500 MILLISECONDS interval)
	at org.openqa.selenium.support.ui.WebDriverWait.timeoutException(WebDriverWait.java:80)
	at org.openqa.selenium.support.ui.FluentWait.until(FluentWait.java:257)
	at utility.CommonFunctions.FindElementWithExplicitWait(CommonFunctions.java:32)
	at pageObjects.ResetPassword_Page.txt_NewPassword(ResetPassword_Page.java:22)
	at appModules.LostPassword_Action.passwordMatchTest(LostPassword_Action.java:38)
	at testCases.Validate_LostPassword.testPasswordMatch(Validate_LostPassword.java:74)
Caused by: org.openqa.selenium.NoSuchElementException: Cannot locate an element using By.id: new_password
For documentation on this error, please visit: http://seleniumhq.org/exceptions/no_such_element.html
Build info: version: &apos;3.1.0&apos;, revision: &apos;b94c902&apos;, time: &apos;2017-02-16 12:21:31 -0800&apos;
System info: host: &apos;ehtesham-HP-ProBook-4540s&apos;, ip: &apos;127.0.1.1&apos;, os.name: &apos;Linux&apos;, os.arch: &apos;amd64&apos;, os.version: &apos;4.4.0-75-generic&apos;, java.version: &apos;1.8.0_131&apos;
Driver info: driver.version: unknown
	at org.openqa.selenium.support.ui.ExpectedConditions.lambda$findElement$0(ExpectedConditions.java:896)
	at java.util.Optional.orElseThrow(Optional.java:290)
	at org.openqa.selenium.support.ui.ExpectedConditions.findElement(ExpectedConditions.java:895)
	at org.openqa.selenium.support.ui.ExpectedConditions.access$000(ExpectedConditions.java:41)
	at org.openqa.selenium.support.ui.ExpectedConditions$7.apply(ExpectedConditions.java:205)
	at org.openqa.selenium.support.ui.ExpectedConditions$7.apply(ExpectedConditions.java:201)
	at org.openqa.selenium.support.ui.ExpectedConditions$22.apply(ExpectedConditions.java:651)
	at org.openqa.selenium.support.ui.ExpectedConditions$22.apply(ExpectedConditions.java:644)
	at org.openqa.selenium.support.ui.FluentWait.until(FluentWait.java:234)
	... 29 more
... Removed 25 stack frames</div></td></tr></table><p class="totop"><a href="#summary">back to summary</a></p><h3 id="m104">testCases.Validate_LostPassword#testValidPasswordLength</h3><table class="result"><tr><th>Exception</th></tr><tr><td><div class="stacktrace">org.openqa.selenium.TimeoutException: Expected condition failed: waiting for element to be clickable: By.id: new_password (tried for 30 second(s) with 500 MILLISECONDS interval)
	at org.openqa.selenium.support.ui.WebDriverWait.timeoutException(WebDriverWait.java:80)
	at org.openqa.selenium.support.ui.FluentWait.until(FluentWait.java:257)
	at utility.CommonFunctions.FindElementWithExplicitWait(CommonFunctions.java:32)
	at pageObjects.ResetPassword_Page.txt_NewPassword(ResetPassword_Page.java:22)
	at appModules.LostPassword_Action.invalidPasswordLength(LostPassword_Action.java:20)
	at testCases.Validate_LostPassword.testValidPasswordLength(Validate_LostPassword.java:56)
Caused by: org.openqa.selenium.NoSuchElementException: Cannot locate an element using By.id: new_password
For documentation on this error, please visit: http://seleniumhq.org/exceptions/no_such_element.html
Build info: version: &apos;3.1.0&apos;, revision: &apos;b94c902&apos;, time: &apos;2017-02-16 12:21:31 -0800&apos;
System info: host: &apos;ehtesham-HP-ProBook-4540s&apos;, ip: &apos;127.0.1.1&apos;, os.name: &apos;Linux&apos;, os.arch: &apos;amd64&apos;, os.version: &apos;4.4.0-75-generic&apos;, java.version: &apos;1.8.0_131&apos;
Driver info: driver.version: unknown
	at org.openqa.selenium.support.ui.ExpectedConditions.lambda$findElement$0(ExpectedConditions.java:896)
	at java.util.Optional.orElseThrow(Optional.java:290)
	at org.openqa.selenium.support.ui.ExpectedConditions.findElement(ExpectedConditions.java:895)
	at org.openqa.selenium.support.ui.ExpectedConditions.access$000(ExpectedConditions.java:41)
	at org.openqa.selenium.support.ui.ExpectedConditions$7.apply(ExpectedConditions.java:205)
	at org.openqa.selenium.support.ui.ExpectedConditions$7.apply(ExpectedConditions.java:201)
	at org.openqa.selenium.support.ui.ExpectedConditions$22.apply(ExpectedConditions.java:651)
	at org.openqa.selenium.support.ui.ExpectedConditions$22.apply(ExpectedConditions.java:644)
	at org.openqa.selenium.support.ui.FluentWait.until(FluentWait.java:234)
	... 29 more
... Removed 25 stack frames</div></td></tr></table><p class="totop"><a href="#summary">back to summary</a></p><h3 id="m105">testCases.Validate_LostPassword#testValidPasswordOverall</h3><table class="result"><tr><th>Exception</th></tr><tr><td><div class="stacktrace">org.openqa.selenium.TimeoutException: Expected condition failed: waiting for element to be clickable: By.id: new_password (tried for 30 second(s) with 500 MILLISECONDS interval)
	at org.openqa.selenium.support.ui.WebDriverWait.timeoutException(WebDriverWait.java:80)
	at org.openqa.selenium.support.ui.FluentWait.until(FluentWait.java:257)
	at utility.CommonFunctions.FindElementWithExplicitWait(CommonFunctions.java:32)
	at pageObjects.ResetPassword_Page.txt_NewPassword(ResetPassword_Page.java:22)
	at appModules.LostPassword_Action.invalidPasswordLength(LostPassword_Action.java:20)
	at testCases.Validate_LostPassword.testValidPasswordOverall(Validate_LostPassword.java:65)
Caused by: org.openqa.selenium.NoSuchElementException: Cannot locate an element using By.id: new_password
For documentation on this error, please visit: http://seleniumhq.org/exceptions/no_such_element.html
Build info: version: &apos;3.1.0&apos;, revision: &apos;b94c902&apos;, time: &apos;2017-02-16 12:21:31 -0800&apos;
System info: host: &apos;ehtesham-HP-ProBook-4540s&apos;, ip: &apos;127.0.1.1&apos;, os.name: &apos;Linux&apos;, os.arch: &apos;amd64&apos;, os.version: &apos;4.4.0-75-generic&apos;, java.version: &apos;1.8.0_131&apos;
Driver info: driver.version: unknown
	at org.openqa.selenium.support.ui.ExpectedConditions.lambda$findElement$0(ExpectedConditions.java:896)
	at java.util.Optional.orElseThrow(Optional.java:290)
	at org.openqa.selenium.support.ui.ExpectedConditions.findElement(ExpectedConditions.java:895)
	at org.openqa.selenium.support.ui.ExpectedConditions.access$000(ExpectedConditions.java:41)
	at org.openqa.selenium.support.ui.ExpectedConditions$7.apply(ExpectedConditions.java:205)
	at org.openqa.selenium.support.ui.ExpectedConditions$7.apply(ExpectedConditions.java:201)
	at org.openqa.selenium.support.ui.ExpectedConditions$22.apply(ExpectedConditions.java:651)
	at org.openqa.selenium.support.ui.ExpectedConditions$22.apply(ExpectedConditions.java:644)
	at org.openqa.selenium.support.ui.FluentWait.until(FluentWait.java:234)
	... 29 more
... Removed 25 stack frames</div></td></tr></table><p class="totop"><a href="#summary">back to summary</a></p><h3 id="m106">testCases.Validate_LostPassword#A_navigateToLostPassword</h3><table class="result"></table><p class="totop"><a href="#summary">back to summary</a></p><h2>checkResourcePage</h2><h3 id="m107">testCases.Validate_ResourcesPage#check_ForexMarket</h3><table class="result"><tr><th>Exception</th></tr><tr><td><div class="stacktrace">java.lang.AssertionError: expected [true] but found [false]
	at utility.ListsUtil.compareWebElementList(ListsUtil.java:47)
	at appModules.Resources_Action.checkMarket(Resources_Action.java:33)
	at testCases.Validate_ResourcesPage.check_ForexMarket(Validate_ResourcesPage.java:31)
... Removed 29 stack frames</div></td></tr></table><p class="totop"><a href="#summary">back to summary</a></p><h3 id="m108">testCases.Validate_ResourcesPage#checkTitle</h3><table class="result"></table><p class="totop"><a href="#summary">back to summary</a></p><h3 id="m109">testCases.Validate_ResourcesPage#check_AssetIndex</h3><table class="result"></table><p class="totop"><a href="#summary">back to summary</a></p><h3 id="m110">testCases.Validate_ResourcesPage#check_CommoditiesMarket</h3><table class="result"></table><p class="totop"><a href="#summary">back to summary</a></p><h3 id="m111">testCases.Validate_ResourcesPage#check_IndicesMarket</h3><table class="result"></table><p class="totop"><a href="#summary">back to summary</a></p><h3 id="m112">testCases.Validate_ResourcesPage#check_OTCMarket</h3><table class="result"></table><p class="totop"><a href="#summary">back to summary</a></p><h3 id="m113">testCases.Validate_ResourcesPage#check_VolatilityMarket</h3><table class="result"></table><p class="totop"><a href="#summary">back to summary</a></p><h3 id="m114">testCases.Validate_ResourcesPage#resourcePage</h3><table class="result"></table><p class="totop"><a href="#summary">back to summary</a></p></body></html>