<?xml version="1.0" encoding="UTF-8"?>
<!-- Generated by org.testng.reporters.JUnitReportReporter -->
<testsuite name="testCases.Validate_PersonalDetailsPage" tests="13" time="30.956" ignored="0" failures="0" timestamp="11 Apr 2017 05:40:35 GMT" skipped="0" hostname="binary01-Inspiron-530" errors="1">
  <testcase name="Test_AddressLine1_EmptyField" time="0.280" classname="testCases.Validate_PersonalDetailsPage"/>
  <testcase name="Test_TaxId_EmptyField" time="0.451" classname="testCases.Validate_PersonalDetailsPage"/>
  <testcase name="Test_AddressCity_EmptyField" time="0.311" classname="testCases.Validate_PersonalDetailsPage"/>
  <testcase name="SetPersonalDetailsFields" time="3.108" classname="testCases.Validate_PersonalDetailsPage"/>
  <testcase name="Test_Telephone_EmptyField" time="0.271" classname="testCases.Validate_PersonalDetailsPage"/>
  <testcase name="Test_AddressLine1_InvalidChars" time="10.607" classname="testCases.Validate_PersonalDetailsPage">
    <error type="org.openqa.selenium.TimeoutException" message="Expected condition failed: waiting for visibility of element located by By.xpath: .//*[@id=&#039;frmPersonalDetails&#039;]/fieldset[3]/div[1]/div[2]/div (tried for 10 second(s) with 500 MILLISECONDS interval)
Build info: version: &#039;3.1.0&#039;, revision: &#039;b94c902&#039;, time: &#039;2017-02-16 12:21:31 -0800&#039;
System info: host: &#039;binary01-Inspiron-530&#039;, ip: &#039;127.0.1.1&#039;, os.name: &#039;Linux&#039;, os.arch: &#039;amd64&#039;, os.version: &#039;4.8.0-46-generic&#039;, java.version: &#039;1.8.0_121&#039;
Driver info: org.openqa.selenium.chrome.ChromeDriver
Capabilities [{applicationCacheEnabled=false, rotatable=false, mobileEmulationEnabled=false, networkConnectionEnabled=false, chrome={chromedriverVersion=2.29.461571 (8a88bbe0775e2a23afda0ceaf2ef7ee74e822cc5), userDataDir=/tmp/.org.chromium.Chromium.IQyaE2}, takesHeapSnapshot=true, pageLoadStrategy=normal, databaseEnabled=false, handlesAlerts=true, hasTouchScreen=false, version=57.0.2987.98, platform=LINUX, browserConnectionEnabled=false, nativeEvents=true, acceptSslCerts=true, locationContextEnabled=true, webStorageEnabled=true, browserName=chrome, takesScreenshot=true, javascriptEnabled=true, cssSelectorsEnabled=true, unexpectedAlertBehaviour=}]
Session ID: 2829286477a2d9c77fec025447ab1ea9">
      <![CDATA[org.openqa.selenium.TimeoutException: Expected condition failed: waiting for visibility of element located by By.xpath: .//*[@id='frmPersonalDetails']/fieldset[3]/div[1]/div[2]/div (tried for 10 second(s) with 500 MILLISECONDS interval)
Build info: version: '3.1.0', revision: 'b94c902', time: '2017-02-16 12:21:31 -0800'
System info: host: 'binary01-Inspiron-530', ip: '127.0.1.1', os.name: 'Linux', os.arch: 'amd64', os.version: '4.8.0-46-generic', java.version: '1.8.0_121'
Driver info: org.openqa.selenium.chrome.ChromeDriver
Capabilities [{applicationCacheEnabled=false, rotatable=false, mobileEmulationEnabled=false, networkConnectionEnabled=false, chrome={chromedriverVersion=2.29.461571 (8a88bbe0775e2a23afda0ceaf2ef7ee74e822cc5), userDataDir=/tmp/.org.chromium.Chromium.IQyaE2}, takesHeapSnapshot=true, pageLoadStrategy=normal, databaseEnabled=false, handlesAlerts=true, hasTouchScreen=false, version=57.0.2987.98, platform=LINUX, browserConnectionEnabled=false, nativeEvents=true, acceptSslCerts=true, locationContextEnabled=true, webStorageEnabled=true, browserName=chrome, takesScreenshot=true, javascriptEnabled=true, cssSelectorsEnabled=true, unexpectedAlertBehaviour=}]
Session ID: 2829286477a2d9c77fec025447ab1ea9
	at org.openqa.selenium.support.ui.WebDriverWait.timeoutException(WebDriverWait.java:80)
	at org.openqa.selenium.support.ui.FluentWait.until(FluentWait.java:257)
	at pageObjects.PersonalDetails_Page.error_AddressLine1(PersonalDetails_Page.java:137)
	at testCases.Validate_PersonalDetailsPage.Test_AddressLine1_InvalidChars(Validate_PersonalDetailsPage.java:75)
	at sun.reflect.NativeMethodAccessorImpl.invoke0(Native Method)
	at sun.reflect.NativeMethodAccessorImpl.invoke(NativeMethodAccessorImpl.java:62)
	at sun.reflect.DelegatingMethodAccessorImpl.invoke(DelegatingMethodAccessorImpl.java:43)
	at java.lang.reflect.Method.invoke(Method.java:498)
	at org.testng.internal.MethodInvocationHelper.invokeMethod(MethodInvocationHelper.java:104)
	at org.testng.internal.Invoker.invokeMethod(Invoker.java:645)
	at org.testng.internal.Invoker.invokeTestMethod(Invoker.java:851)
	at org.testng.internal.Invoker.invokeTestMethods(Invoker.java:1177)
	at org.testng.internal.TestMethodWorker.invokeTestMethods(TestMethodWorker.java:129)
	at org.testng.internal.TestMethodWorker.run(TestMethodWorker.java:112)
	at org.testng.TestRunner.privateRun(TestRunner.java:756)
	at org.testng.TestRunner.run(TestRunner.java:610)
	at org.testng.SuiteRunner.runTest(SuiteRunner.java:387)
	at org.testng.SuiteRunner.runSequentially(SuiteRunner.java:382)
	at org.testng.SuiteRunner.privateRun(SuiteRunner.java:340)
	at org.testng.SuiteRunner.run(SuiteRunner.java:289)
	at org.testng.SuiteRunnerWorker.runSuite(SuiteRunnerWorker.java:52)
	at org.testng.SuiteRunnerWorker.run(SuiteRunnerWorker.java:86)
	at org.testng.TestNG.runSuitesSequentially(TestNG.java:1293)
	at org.testng.TestNG.runSuitesLocally(TestNG.java:1218)
	at org.testng.TestNG.runSuites(TestNG.java:1133)
	at org.testng.TestNG.run(TestNG.java:1104)
	at org.testng.remote.AbstractRemoteTestNG.run(AbstractRemoteTestNG.java:132)
	at org.testng.remote.RemoteTestNG.initAndRun(RemoteTestNG.java:230)
	at org.testng.remote.RemoteTestNG.main(RemoteTestNG.java:76)
]]>
    </error>
  </testcase> <!-- Test_AddressLine1_InvalidChars -->
  <testcase name="NavigateToPersonalDetailsPage" time="3.127" classname="testCases.Validate_PersonalDetailsPage"/>
  <testcase name="Test_AddressCity_InvalidChars" time="0.518" classname="testCases.Validate_PersonalDetailsPage"/>
  <testcase name="Test_ZipCode_InvalidChars" time="0.504" classname="testCases.Validate_PersonalDetailsPage"/>
  <testcase name="Login" time="9.169" classname="testCases.Validate_PersonalDetailsPage"/>
  <testcase name="Test_Telephone_LessChars" time="0.299" classname="testCases.Validate_PersonalDetailsPage"/>
  <testcase name="Test_TaxResidence_EmptyField" time="1.855" classname="testCases.Validate_PersonalDetailsPage"/>
  <testcase name="Test_Telephone_InvalidChars" time="0.456" classname="testCases.Validate_PersonalDetailsPage"/>
</testsuite> <!-- testCases.Validate_PersonalDetailsPage -->
